#
# There is insufficient memory for the Java Runtime Environment to continue.
# Native memory allocation (malloc) failed to allocate 40894464 bytes for committing reserved memory.
# Possible reasons:
#   The system is out of physical RAM or swap space
#   In 32 bit mode, the process size limit was hit
# Possible solutions:
#   Reduce memory load on the system
#   Increase physical memory or swap space
#   Check if swap backing store is full
#   Use 64 bit Java on a 64 bit OS
#   Decrease Java heap size (-Xmx/-Xms)
#   Decrease number of Java threads
#   Decrease Java thread stack sizes (-Xss)
#   Set larger code cache with -XX:ReservedCodeCacheSize=
# This output file may be truncated or incomplete.
#
#  Out of Memory Error (os_linux.cpp:2756), pid=14909, tid=140696522737408
#
# JRE version: Java(TM) SE Runtime Environment (7.0_75-b13) (build 1.7.0_75-b13)
# Java VM: Java HotSpot(TM) 64-Bit Server VM (24.75-b04 mixed mode linux-amd64 compressed oops)
# Failed to write core dump. Core dumps have been disabled. To enable core dumping, try "ulimit -c unlimited" before starting Java again
#

---------------  T H R E A D  ---------------

Current thread (0x00007ff67c069800):  VMThread [stack: 0x00007ff676324000,0x00007ff676425000] [id=14953]

Stack: [0x00007ff676324000,0x00007ff676425000],  sp=0x00007ff6764232c0,  free space=1020k
Native frames: (J=compiled Java code, j=interpreted, Vv=VM code, C=native code)
V  [libjvm.so+0x9a18da]  VMError::report_and_die()+0x2ea
V  [libjvm.so+0x4975ab]  report_vm_out_of_memory(char const*, int, unsigned long, char const*)+0x9b
V  [libjvm.so+0x81ebae]  os::Linux::commit_memory_impl(char*, unsigned long, bool)+0xfe
V  [libjvm.so+0x81f0f9]  os::pd_commit_memory(char*, unsigned long, unsigned long, bool)+0x29
V  [libjvm.so+0x818e8a]  os::commit_memory(char*, unsigned long, unsigned long, bool)+0x2a
V  [libjvm.so+0x88bfb3]  PSVirtualSpace::expand_by(unsigned long)+0x53
V  [libjvm.so+0x88d388]  PSYoungGen::resize_generation(unsigned long, unsigned long)+0xf8
V  [libjvm.so+0x88c4f2]  PSYoungGen::resize(unsigned long, unsigned long)+0x22
V  [libjvm.so+0x889943]  PSScavenge::invoke_no_policy()+0xfb3
V  [libjvm.so+0x88a0f1]  PSScavenge::invoke()+0x41
V  [libjvm.so+0x840a90]  ParallelScavengeHeap::failed_mem_allocate(unsigned long)+0x70
V  [libjvm.so+0x9a3167]  VM_ParallelGCFailedAllocation::doit()+0x97
V  [libjvm.so+0x9aa605]  VM_Operation::evaluate()+0x55
V  [libjvm.so+0x9a89ca]  VMThread::evaluate_operation(VM_Operation*)+0xba
V  [libjvm.so+0x9a8d4e]  VMThread::loop()+0x1ce
V  [libjvm.so+0x9a91c0]  VMThread::run()+0x70
V  [libjvm.so+0x820b88]  java_start(Thread*)+0x108

VM_Operation (0x00007ff684155cc0): ParallelGCFailedAllocation, mode: safepoint, requested by thread 0x00007ff67c00a000


---------------  P R O C E S S  ---------------

Java Threads: ( => current thread )
  0x00007ff67c098800 JavaThread "Service Thread" daemon [_thread_blocked, id=14977, stack(0x00007ff67563c000,0x00007ff67573d000)]
  0x00007ff67c096000 JavaThread "C2 CompilerThread1" daemon [_thread_blocked, id=14976, stack(0x00007ff67573d000,0x00007ff67583e000)]
  0x00007ff67c093000 JavaThread "C2 CompilerThread0" daemon [_thread_blocked, id=14975, stack(0x00007ff67583e000,0x00007ff67593f000)]
  0x00007ff67c091000 JavaThread "Signal Dispatcher" daemon [_thread_blocked, id=14974, stack(0x00007ff67593f000,0x00007ff675a40000)]
  0x00007ff67c070000 JavaThread "Finalizer" daemon [_thread_blocked, id=14961, stack(0x00007ff676122000,0x00007ff676223000)]
  0x00007ff67c06e000 JavaThread "Reference Handler" daemon [_thread_blocked, id=14959, stack(0x00007ff676223000,0x00007ff676324000)]
  0x00007ff67c00a000 JavaThread "main" [_thread_blocked, id=14933, stack(0x00007ff684057000,0x00007ff684158000)]

Other Threads:
=>0x00007ff67c069800 VMThread [stack: 0x00007ff676324000,0x00007ff676425000] [id=14953]
  0x00007ff67c0a3000 WatcherThread [stack: 0x00007ff67553b000,0x00007ff67563c000] [id=14978]

VM state:at safepoint (normal execution)

VM Mutex/Monitor currently owned by a thread:  ([mutex/lock_event])
[0x00007ff67c006430] Threads_lock - owner thread: 0x00007ff67c069800
[0x00007ff67c006930] Heap_lock - owner thread: 0x00007ff67c00a000

Heap
 PSYoungGen      total 43008K, used 3072K [0x00000000eaa80000, 0x00000000ed780000, 0x0000000100000000)
  eden space 39936K, 0% used [0x00000000eaa80000,0x00000000eaa80000,0x00000000ed180000)
  from space 3072K, 100% used [0x00000000ed180000,0x00000000ed480000,0x00000000ed480000)
  to   space 3072K, 0% used [0x00000000ed480000,0x00000000ed480000,0x00000000ed780000)
 ParOldGen       total 51712K, used 11427K [0x00000000c0000000, 0x00000000c3280000, 0x00000000eaa80000)
  object space 51712K, 22% used [0x00000000c0000000,0x00000000c0b28da8,0x00000000c3280000)
 PSPermGen       total 21504K, used 5527K [0x00000000bae00000, 0x00000000bc300000, 0x00000000c0000000)
  object space 21504K, 25% used [0x00000000bae00000,0x00000000bb365c30,0x00000000bc300000)

Card table byte_map: [0x00007ff681120000,0x00007ff68134a000] byte_map_base: 0x00007ff680b49000

Polling page: 0x00007ff68417d000

Code Cache  [0x00007ff679000000, 0x00007ff679270000, 0x00007ff67c000000)
 total_blobs=589 nmethods=362 adapters=180 free_code_cache=47607Kb largest_free_block=48708736

Compilation events (10 events):
Event: 12.144 Thread 0x00007ff67c093000 nmethod 366 0x00007ff679187510 code [0x00007ff6791880a0, 0x00007ff67918a040]
Event: 12.224 Thread 0x00007ff67c093000  367             com.android.dx.rop.code.SourcePosition::<init> (50 bytes)
Event: 12.276 Thread 0x00007ff67c093000 nmethod 367 0x00007ff679176e10 code [0x00007ff679176f60, 0x00007ff679176ff8]
Event: 12.276 Thread 0x00007ff67c093000  368             com.android.dx.cf.code.ConcreteMethod::makeSourcePosistion (21 bytes)
Event: 12.282 Thread 0x00007ff67c093000 nmethod 368 0x00007ff679170ed0 code [0x00007ff679171040, 0x00007ff6791711c8]
Event: 12.283 Thread 0x00007ff67c093000  369             com.android.dx.cf.code.LineNumberList::pcToLine (73 bytes)
Event: 12.285 Thread 0x00007ff67c093000 nmethod 369 0x00007ff679170b90 code [0x00007ff679170ce0, 0x00007ff679170da8]
Event: 12.285 Thread 0x00007ff67c093000  370             com.android.dx.cf.code.BaseMachine::clearArgs (56 bytes)
Event: 12.286 Thread 0x00007ff67c093000 nmethod 370 0x00007ff679176c10 code [0x00007ff679176d40, 0x00007ff679176db8]
Event: 12.286 Thread 0x00007ff67c093000  371             com.android.dx.ssa.PhiTypeResolver::run (179 bytes)

GC Heap History (5 events):
Event: 3.295 GC heap before
{Heap before GC invocations=1 (full 0):
 PSYoungGen      total 23040K, used 19968K [0x00000000eaa80000, 0x00000000ec400000, 0x0000000100000000)
  eden space 19968K, 100% used [0x00000000eaa80000,0x00000000ebe00000,0x00000000ebe00000)
  from space 3072K, 0% used [0x00000000ec100000,0x00000000ec100000,0x00000000ec400000)
  to   space 3072K, 0% used [0x00000000ebe00000,0x00000000ebe00000,0x00000000ec100000)
 ParOldGen       total 51712K, used 0K [0x00000000c0000000, 0x00000000c3280000, 0x00000000eaa80000)
  object space 51712K, 0% used [0x00000000c0000000,0x00000000c0000000,0x00000000c3280000)
 PSPermGen       total 21504K, used 5351K [0x00000000bae00000, 0x00000000bc300000, 0x00000000c0000000)
  object space 21504K, 24% used [0x00000000bae00000,0x00000000bb339de0,0x00000000bc300000)
Event: 3.365 GC heap after
Heap after GC invocations=1 (full 0):
 PSYoungGen      total 23040K, used 3063K [0x00000000eaa80000, 0x00000000ed780000, 0x0000000100000000)
  eden space 19968K, 0% used [0x00000000eaa80000,0x00000000eaa80000,0x00000000ebe00000)
  from space 3072K, 99% used [0x00000000ebe00000,0x00000000ec0fdc78,0x00000000ec100000)
  to   space 3072K, 0% used [0x00000000ed480000,0x00000000ed480000,0x00000000ed780000)
 ParOldGen       total 51712K, used 1683K [0x00000000c0000000, 0x00000000c3280000, 0x00000000eaa80000)
  object space 51712K, 3% used [0x00000000c0000000,0x00000000c01a4cc8,0x00000000c3280000)
 PSPermGen       total 21504K, used 5351K [0x00000000bae00000, 0x00000000bc300000, 0x00000000c0000000)
  object space 21504K, 24% used [0x00000000bae00000,0x00000000bb339de0,0x00000000bc300000)
}
Event: 5.714 GC heap before
{Heap before GC invocations=2 (full 0):
 PSYoungGen      total 23040K, used 23031K [0x00000000eaa80000, 0x00000000ed780000, 0x0000000100000000)
  eden space 19968K, 100% used [0x00000000eaa80000,0x00000000ebe00000,0x00000000ebe00000)
  from space 3072K, 99% used [0x00000000ebe00000,0x00000000ec0fdc78,0x00000000ec100000)
  to   space 3072K, 0% used [0x00000000ed480000,0x00000000ed480000,0x00000000ed780000)
 ParOldGen       total 51712K, used 1683K [0x00000000c0000000, 0x00000000c3280000, 0x00000000eaa80000)
  object space 51712K, 3% used [0x00000000c0000000,0x00000000c01a4cc8,0x00000000c3280000)
 PSPermGen       total 21504K, used 5480K [0x00000000bae00000, 0x00000000bc300000, 0x00000000c0000000)
  object space 21504K, 25% used [0x00000000bae00000,0x00000000bb35a0a8,0x00000000bc300000)
Event: 5.756 GC heap after
Heap after GC invocations=2 (full 0):
 PSYoungGen      total 43008K, used 3063K [0x00000000eaa80000, 0x00000000ed780000, 0x0000000100000000)
  eden space 39936K, 0% used [0x00000000eaa80000,0x00000000eaa80000,0x00000000ed180000)
  from space 3072K, 99% used [0x00000000ed480000,0x00000000ed77dc88,0x00000000ed780000)
  to   space 3072K, 0% used [0x00000000ed180000,0x00000000ed180000,0x00000000ed480000)
 ParOldGen       total 51712K, used 4783K [0x00000000c0000000, 0x00000000c3280000, 0x00000000eaa80000)
  object space 51712K, 9% used [0x00000000c0000000,0x00000000c04abf28,0x00000000c3280000)
 PSPermGen       total 21504K, used 5480K [0x00000000bae00000, 0x00000000bc300000, 0x00000000c0000000)
  object space 21504K, 25% used [0x00000000bae00000,0x00000000bb35a0a8,0x00000000bc300000)
}
Event: 12.349 GC heap before
{Heap before GC invocations=3 (full 0):
 PSYoungGen      total 43008K, used 42999K [0x00000000eaa80000, 0x00000000ed780000, 0x0000000100000000)
  eden space 39936K, 100% used [0x00000000eaa80000,0x00000000ed180000,0x00000000ed180000)
  from space 3072K, 99% used [0x00000000ed480000,0x00000000ed77dc88,0x00000000ed780000)
  to   space 3072K, 0% used [0x00000000ed180000,0x00000000ed180000,0x00000000ed480000)
 ParOldGen       total 51712K, used 4783K [0x00000000c0000000, 0x00000000c3280000, 0x00000000eaa80000)
  object space 51712K, 9% used [0x00000000c0000000,0x00000000c04abf28,0x00000000c3280000)
 PSPermGen       total 21504K, used 5527K [0x00000000bae00000, 0x00000000bc300000, 0x00000000c0000000)
  object space 21504K, 25% used [0x00000000bae00000,0x00000000bb365c30,0x00000000bc300000)

Deoptimization events (10 events):
Event: 2.821 Thread 0x00007ff67c00a000 Uncommon trap: reason=unreached action=reinterpret pc=0x00007ff679086cdc method=com.android.dx.rop.code.RegisterSpec.equals(ILcom/android/dx/rop/type/TypeBearer;Lcom/android/dx/rop/code/LocalItem;)Z @ 24
Event: 2.821 Thread 0x00007ff67c00a000 Uncommon trap: reason=unreached action=reinterpret pc=0x00007ff67907ced4 method=com.android.dx.rop.code.RegisterSpec.equals(ILcom/android/dx/rop/type/TypeBearer;Lcom/android/dx/rop/code/LocalItem;)Z @ 24
Event: 3.547 Thread 0x00007ff67c00a000 Uncommon trap: reason=null_check action=make_not_entrant pc=0x00007ff679095910 method=com.android.dx.rop.type.Type.equals(Ljava/lang/Object;)Z @ 8
Event: 5.068 Thread 0x00007ff67c00a000 Uncommon trap: reason=unreached action=reinterpret pc=0x00007ff679092344 method=com.android.dx.rop.cst.Constant.compareTo(Lcom/android/dx/rop/cst/Constant;)I @ 12
Event: 7.690 Thread 0x00007ff67c00a000 Uncommon trap: reason=class_check action=maybe_recompile pc=0x00007ff67910622c method=com.android.dx.ssa.SCCP.simulatePhi(Lcom/android/dx/ssa/PhiInsn;)V @ 124
Event: 8.227 Thread 0x00007ff67c00a000 Uncommon trap: reason=null_check action=make_not_entrant pc=0x00007ff679119bcc method=com.android.dx.cf.code.Ropper$CatchInfo.getSetup(Lcom/android/dx/rop/type/Type;)Lcom/android/dx/cf/code/Ropper$ExceptionHandlerSetup; @ 10
Event: 8.285 Thread 0x00007ff67c00a000 Uncommon trap: reason=class_check action=maybe_recompile pc=0x00007ff67910622c method=com.android.dx.ssa.SCCP.simulatePhi(Lcom/android/dx/ssa/PhiInsn;)V @ 124
Event: 9.857 Thread 0x00007ff67c00a000 Uncommon trap: reason=class_check action=maybe_recompile pc=0x00007ff67910622c method=com.android.dx.ssa.SCCP.simulatePhi(Lcom/android/dx/ssa/PhiInsn;)V @ 124
Event: 10.030 Thread 0x00007ff67c00a000 Uncommon trap: reason=class_check action=maybe_recompile pc=0x00007ff67910622c method=com.android.dx.ssa.SCCP.simulatePhi(Lcom/android/dx/ssa/PhiInsn;)V @ 124
Event: 10.732 Thread 0x00007ff67c00a000 Uncommon trap: reason=null_check action=make_not_entrant pc=0x00007ff679165f28 method=com.android.dx.rop.type.Type.putIntern(Lcom/android/dx/rop/type/Type;)Lcom/android/dx/rop/type/Type; @ 18

Internal exceptions (10 events):
Event: 1.921 Thread 0x00007ff67c00a000 Threw 0x00000000eb64fcb8 at /HUDSON/workspace/7u-2-build-linux-amd64/jdk7u75/1940/hotspot/src/share/vm/prims/jvm.cpp:1281
Event: 1.971 Thread 0x00007ff67c00a000 Threw 0x00000000eb6aaf58 at /HUDSON/workspace/7u-2-build-linux-amd64/jdk7u75/1940/hotspot/src/share/vm/prims/jvm.cpp:1281
Event: 1.973 Thread 0x00007ff67c00a000 Threw 0x00000000eb6b4bb8 at /HUDSON/workspace/7u-2-build-linux-amd64/jdk7u75/1940/hotspot/src/share/vm/prims/jvm.cpp:1281
Event: 1.973 Thread 0x00007ff67c00a000 Threw 0x00000000eb6b6d00 at /HUDSON/workspace/7u-2-build-linux-amd64/jdk7u75/1940/hotspot/src/share/vm/prims/jvm.cpp:1281
Event: 2.753 Thread 0x00007ff67c00a000 Threw 0x00000000ebb6b2d0 at /HUDSON/workspace/7u-2-build-linux-amd64/jdk7u75/1940/hotspot/src/share/vm/prims/jvm.cpp:1281
Event: 3.547 Thread 0x00007ff67c00a000 Implicit null exception at 0x00007ff679095812 to 0x00007ff679095903
Event: 3.655 Thread 0x00007ff67c00a000 Threw 0x00000000eac52ab8 at /HUDSON/workspace/7u-2-build-linux-amd64/jdk7u75/1940/hotspot/src/share/vm/prims/jvm.cpp:1281
Event: 8.227 Thread 0x00007ff67c00a000 Implicit null exception at 0x00007ff679117ad5 to 0x00007ff679119bc1
Event: 9.120 Thread 0x00007ff67c00a000 Threw 0x00000000ebf83900 at /HUDSON/workspace/7u-2-build-linux-amd64/jdk7u75/1940/hotspot/src/share/vm/prims/jvm.cpp:1281
Event: 10.721 Thread 0x00007ff67c00a000 Implicit null exception at 0x00007ff6791658c4 to 0x00007ff679165f19

Events (10 events):
Event: 9.857 Thread 0x00007ff67c00a000 DEOPT PACKING pc=0x00007ff67910622c sp=0x00007ff684155eb0
Event: 9.857 Thread 0x00007ff67c00a000 DEOPT UNPACKING pc=0x00007ff679039445 sp=0x00007ff684155da0 mode 2
Event: 10.017 Thread 0x00007ff67c00a000 Uncommon trap: trap_request=0xffffffde fr.pc=0x00007ff67910622c
Event: 10.030 Thread 0x00007ff67c00a000 DEOPT PACKING pc=0x00007ff67910622c sp=0x00007ff684155eb0
Event: 10.030 Thread 0x00007ff67c00a000 DEOPT UNPACKING pc=0x00007ff679039445 sp=0x00007ff684155da0 mode 2
Event: 10.202 Thread 0x00007ff67c093000 flushing nmethod 0x00007ff679092190
Event: 10.729 Thread 0x00007ff67c00a000 Uncommon trap: trap_request=0xfffffff4 fr.pc=0x00007ff679165f28
Event: 10.732 Thread 0x00007ff67c00a000 DEOPT PACKING pc=0x00007ff679165f28 sp=0x00007ff684155f30
Event: 10.732 Thread 0x00007ff67c00a000 DEOPT UNPACKING pc=0x00007ff679039445 sp=0x00007ff684155e50 mode 2
Event: 12.344 Executing VM operation: ParallelGCFailedAllocation


Dynamic libraries:
00400000-00401000 r-xp 00000000 08:12 1216900                            /opt/jdk1.7.0_75/bin/java
00600000-00601000 rw-p 00000000 08:12 1216900                            /opt/jdk1.7.0_75/bin/java
01679000-0169a000 rw-p 00000000 00:00 0                                  [heap]
bae00000-bc300000 rw-p 00000000 00:00 0 
bc300000-c0000000 rw-p 00000000 00:00 0 
c0000000-c3280000 rw-p 00000000 00:00 0 
c3280000-eaa80000 rw-p 00000000 00:00 0 
eaa80000-ed780000 rw-p 00000000 00:00 0 
efe80000-100000000 rw-p 00000000 00:00 0 
7ff640000000-7ff640021000 rw-p 00000000 00:00 0 
7ff640021000-7ff644000000 ---p 00000000 00:00 0 
7ff648000000-7ff6496ec000 rw-p 00000000 00:00 0 
7ff6496ec000-7ff64c000000 ---p 00000000 00:00 0 
7ff64c000000-7ff64c021000 rw-p 00000000 00:00 0 
7ff64c021000-7ff650000000 ---p 00000000 00:00 0 
7ff650000000-7ff650021000 rw-p 00000000 00:00 0 
7ff650021000-7ff654000000 ---p 00000000 00:00 0 
7ff654000000-7ff655113000 rw-p 00000000 00:00 0 
7ff655113000-7ff658000000 ---p 00000000 00:00 0 
7ff658000000-7ff658021000 rw-p 00000000 00:00 0 
7ff658021000-7ff65c000000 ---p 00000000 00:00 0 
7ff65c000000-7ff65c24e000 rw-p 00000000 00:00 0 
7ff65c24e000-7ff660000000 ---p 00000000 00:00 0 
7ff660000000-7ff660021000 rw-p 00000000 00:00 0 
7ff660021000-7ff664000000 ---p 00000000 00:00 0 
7ff664000000-7ff664021000 rw-p 00000000 00:00 0 
7ff664021000-7ff668000000 ---p 00000000 00:00 0 
7ff668000000-7ff668021000 rw-p 00000000 00:00 0 
7ff668021000-7ff66c000000 ---p 00000000 00:00 0 
7ff66c000000-7ff66c021000 rw-p 00000000 00:00 0 
7ff66c021000-7ff670000000 ---p 00000000 00:00 0 
7ff670000000-7ff670021000 rw-p 00000000 00:00 0 
7ff670021000-7ff674000000 ---p 00000000 00:00 0 
7ff6750d3000-7ff675104000 rw-p 00000000 00:00 0 
7ff675104000-7ff67511a000 r-xp 00000000 08:12 1217403                    /opt/jdk1.7.0_75/jre/lib/amd64/libnet.so
7ff67511a000-7ff67531a000 ---p 00016000 08:12 1217403                    /opt/jdk1.7.0_75/jre/lib/amd64/libnet.so
7ff67531a000-7ff67531b000 rw-p 00016000 08:12 1217403                    /opt/jdk1.7.0_75/jre/lib/amd64/libnet.so
7ff67531b000-7ff67532b000 r-xp 00000000 08:12 1217475                    /opt/jdk1.7.0_75/jre/lib/amd64/libnio.so
7ff67532b000-7ff67552b000 ---p 00010000 08:12 1217475                    /opt/jdk1.7.0_75/jre/lib/amd64/libnio.so
7ff67552b000-7ff67552c000 rw-p 00010000 08:12 1217475                    /opt/jdk1.7.0_75/jre/lib/amd64/libnio.so
7ff67552c000-7ff67553b000 r--s 0008e000 00:19 728467                     /home/xhaa/AndroidStudioProjects/RekamMedik/app/build/intermediates/exploded-aar/com.google.android.gms/play-services-base/7.3.0/classes.jar
7ff67553b000-7ff67553c000 ---p 00000000 00:00 0 
7ff67553c000-7ff67563c000 rw-p 00000000 00:00 0                          [stack:14978]
7ff67563c000-7ff67563f000 ---p 00000000 00:00 0 
7ff67563f000-7ff67573d000 rw-p 00000000 00:00 0                          [stack:14977]
7ff67573d000-7ff675740000 ---p 00000000 00:00 0 
7ff675740000-7ff67583e000 rw-p 00000000 00:00 0                          [stack:14976]
7ff67583e000-7ff675841000 ---p 00000000 00:00 0 
7ff675841000-7ff67593f000 rw-p 00000000 00:00 0                          [stack:14975]
7ff67593f000-7ff675942000 ---p 00000000 00:00 0 
7ff675942000-7ff675a40000 rw-p 00000000 00:00 0                          [stack:14974]
7ff675a40000-7ff676122000 r--p 00000000 08:12 662290                     /usr/lib/locale/locale-archive
7ff676122000-7ff676125000 ---p 00000000 00:00 0 
7ff676125000-7ff676223000 rw-p 00000000 00:00 0                          [stack:14961]
7ff676223000-7ff676226000 ---p 00000000 00:00 0 
7ff676226000-7ff676324000 rw-p 00000000 00:00 0                          [stack:14959]
7ff676324000-7ff676325000 ---p 00000000 00:00 0 
7ff676325000-7ff679000000 rw-p 00000000 00:00 0                          [stack:14953]
7ff679000000-7ff679270000 rwxp 00000000 00:00 0 
7ff679270000-7ff67c1bc000 rw-p 00000000 00:00 0 
7ff67c1bc000-7ff680000000 ---p 00000000 00:00 0 
7ff680008000-7ff6806bc000 rw-p 00000000 00:00 0 
7ff6806bc000-7ff68087b000 r--s 039eb000 08:12 1217160                    /opt/jdk1.7.0_75/jre/lib/rt.jar
7ff68087b000-7ff680b9d000 rw-p 00000000 00:00 0 
7ff680b9d000-7ff680b9e000 ---p 00000000 00:00 0 
7ff680b9e000-7ff680c9e000 rw-p 00000000 00:00 0                          [stack:14944]
7ff680c9e000-7ff680c9f000 ---p 00000000 00:00 0 
7ff680c9f000-7ff680d9f000 rw-p 00000000 00:00 0                          [stack:14943]
7ff680d9f000-7ff680da0000 ---p 00000000 00:00 0 
7ff680da0000-7ff680ea0000 rw-p 00000000 00:00 0                          [stack:14942]
7ff680ea0000-7ff680ea1000 ---p 00000000 00:00 0 
7ff680ea1000-7ff680fac000 rw-p 00000000 00:00 0                          [stack:14941]
7ff680fac000-7ff680fca000 rw-p 00000000 00:00 0 
7ff680fca000-7ff680fe4000 rw-p 00000000 00:00 0 
7ff680fe4000-7ff681120000 rw-p 00000000 00:00 0 
7ff681120000-7ff68112b000 rw-p 00000000 00:00 0 
7ff68112b000-7ff681149000 rw-p 00000000 00:00 0 
7ff681149000-7ff681163000 rw-p 00000000 00:00 0 
7ff681163000-7ff68129e000 rw-p 00000000 00:00 0 
7ff68129e000-7ff6812b5000 rw-p 00000000 00:00 0 
7ff6812b5000-7ff681349000 rw-p 00000000 00:00 0 
7ff681349000-7ff68134a000 rw-p 00000000 00:00 0 
7ff68134a000-7ff681364000 r-xp 00000000 08:12 1217423                    /opt/jdk1.7.0_75/jre/lib/amd64/libzip.so
7ff681364000-7ff681564000 ---p 0001a000 08:12 1217423                    /opt/jdk1.7.0_75/jre/lib/amd64/libzip.so
7ff681564000-7ff681565000 rw-p 0001a000 08:12 1217423                    /opt/jdk1.7.0_75/jre/lib/amd64/libzip.so
7ff681565000-7ff681570000 r-xp 00000000 08:12 1308351                    /lib/x86_64-linux-gnu/libnss_files-2.19.so
7ff681570000-7ff68176f000 ---p 0000b000 08:12 1308351                    /lib/x86_64-linux-gnu/libnss_files-2.19.so
7ff68176f000-7ff681770000 r--p 0000a000 08:12 1308351                    /lib/x86_64-linux-gnu/libnss_files-2.19.so
7ff681770000-7ff681771000 rw-p 0000b000 08:12 1308351                    /lib/x86_64-linux-gnu/libnss_files-2.19.so
7ff681771000-7ff68177c000 r-xp 00000000 08:12 1308389                    /lib/x86_64-linux-gnu/libnss_nis-2.19.so
7ff68177c000-7ff68197b000 ---p 0000b000 08:12 1308389                    /lib/x86_64-linux-gnu/libnss_nis-2.19.so
7ff68197b000-7ff68197c000 r--p 0000a000 08:12 1308389                    /lib/x86_64-linux-gnu/libnss_nis-2.19.so
7ff68197c000-7ff68197d000 rw-p 0000b000 08:12 1308389                    /lib/x86_64-linux-gnu/libnss_nis-2.19.so
7ff68197d000-7ff681994000 r-xp 00000000 08:12 1308369                    /lib/x86_64-linux-gnu/libnsl-2.19.so
7ff681994000-7ff681b93000 ---p 00017000 08:12 1308369                    /lib/x86_64-linux-gnu/libnsl-2.19.so
7ff681b93000-7ff681b94000 r--p 00016000 08:12 1308369                    /lib/x86_64-linux-gnu/libnsl-2.19.so
7ff681b94000-7ff681b95000 rw-p 00017000 08:12 1308369                    /lib/x86_64-linux-gnu/libnsl-2.19.so
7ff681b95000-7ff681b97000 rw-p 00000000 00:00 0 
7ff681b97000-7ff681ba0000 r-xp 00000000 08:12 1308367                    /lib/x86_64-linux-gnu/libnss_compat-2.19.so
7ff681ba0000-7ff681d9f000 ---p 00009000 08:12 1308367                    /lib/x86_64-linux-gnu/libnss_compat-2.19.so
7ff681d9f000-7ff681da0000 r--p 00008000 08:12 1308367                    /lib/x86_64-linux-gnu/libnss_compat-2.19.so
7ff681da0000-7ff681da1000 rw-p 00009000 08:12 1308367                    /lib/x86_64-linux-gnu/libnss_compat-2.19.so
7ff681da1000-7ff681dca000 r-xp 00000000 08:12 1217473                    /opt/jdk1.7.0_75/jre/lib/amd64/libjava.so
7ff681dca000-7ff681fca000 ---p 00029000 08:12 1217473                    /opt/jdk1.7.0_75/jre/lib/amd64/libjava.so
7ff681fca000-7ff681fcc000 rw-p 00029000 08:12 1217473                    /opt/jdk1.7.0_75/jre/lib/amd64/libjava.so
7ff681fcc000-7ff681fd9000 r-xp 00000000 08:12 1217465                    /opt/jdk1.7.0_75/jre/lib/amd64/libverify.so
7ff681fd9000-7ff6821d8000 ---p 0000d000 08:12 1217465                    /opt/jdk1.7.0_75/jre/lib/amd64/libverify.so
7ff6821d8000-7ff6821da000 rw-p 0000c000 08:12 1217465                    /opt/jdk1.7.0_75/jre/lib/amd64/libverify.so
7ff6821da000-7ff6821e1000 r-xp 00000000 08:12 1308385                    /lib/x86_64-linux-gnu/librt-2.19.so
7ff6821e1000-7ff6823e0000 ---p 00007000 08:12 1308385                    /lib/x86_64-linux-gnu/librt-2.19.so
7ff6823e0000-7ff6823e1000 r--p 00006000 08:12 1308385                    /lib/x86_64-linux-gnu/librt-2.19.so
7ff6823e1000-7ff6823e2000 rw-p 00007000 08:12 1308385                    /lib/x86_64-linux-gnu/librt-2.19.so
7ff6823e2000-7ff6824e7000 r-xp 00000000 08:12 1308349                    /lib/x86_64-linux-gnu/libm-2.19.so
7ff6824e7000-7ff6826e6000 ---p 00105000 08:12 1308349                    /lib/x86_64-linux-gnu/libm-2.19.so
7ff6826e6000-7ff6826e7000 r--p 00104000 08:12 1308349                    /lib/x86_64-linux-gnu/libm-2.19.so
7ff6826e7000-7ff6826e8000 rw-p 00105000 08:12 1308349                    /lib/x86_64-linux-gnu/libm-2.19.so
7ff6826e8000-7ff68325b000 r-xp 00000000 08:12 1217433                    /opt/jdk1.7.0_75/jre/lib/amd64/server/libjvm.so
7ff68325b000-7ff68345b000 ---p 00b73000 08:12 1217433                    /opt/jdk1.7.0_75/jre/lib/amd64/server/libjvm.so
7ff68345b000-7ff68351f000 rw-p 00b73000 08:12 1217433                    /opt/jdk1.7.0_75/jre/lib/amd64/server/libjvm.so
7ff68351f000-7ff683560000 rw-p 00000000 00:00 0 
7ff683560000-7ff68371b000 r-xp 00000000 08:12 1308379                    /lib/x86_64-linux-gnu/libc-2.19.so
7ff68371b000-7ff68391a000 ---p 001bb000 08:12 1308379                    /lib/x86_64-linux-gnu/libc-2.19.so
7ff68391a000-7ff68391e000 r--p 001ba000 08:12 1308379                    /lib/x86_64-linux-gnu/libc-2.19.so
7ff68391e000-7ff683920000 rw-p 001be000 08:12 1308379                    /lib/x86_64-linux-gnu/libc-2.19.so
7ff683920000-7ff683925000 rw-p 00000000 00:00 0 
7ff683925000-7ff683928000 r-xp 00000000 08:12 1308357                    /lib/x86_64-linux-gnu/libdl-2.19.so
7ff683928000-7ff683b27000 ---p 00003000 08:12 1308357                    /lib/x86_64-linux-gnu/libdl-2.19.so
7ff683b27000-7ff683b28000 r--p 00002000 08:12 1308357                    /lib/x86_64-linux-gnu/libdl-2.19.so
7ff683b28000-7ff683b29000 rw-p 00003000 08:12 1308357                    /lib/x86_64-linux-gnu/libdl-2.19.so
7ff683b29000-7ff683b3f000 r-xp 00000000 08:12 1207385                    /opt/jdk1.7.0_75/lib/amd64/jli/libjli.so
7ff683b3f000-7ff683d3f000 ---p 00016000 08:12 1207385                    /opt/jdk1.7.0_75/lib/amd64/jli/libjli.so
7ff683d3f000-7ff683d40000 rw-p 00016000 08:12 1207385                    /opt/jdk1.7.0_75/lib/amd64/jli/libjli.so
7ff683d40000-7ff683d59000 r-xp 00000000 08:12 1308381                    /lib/x86_64-linux-gnu/libpthread-2.19.so
7ff683d59000-7ff683f58000 ---p 00019000 08:12 1308381                    /lib/x86_64-linux-gnu/libpthread-2.19.so
7ff683f58000-7ff683f59000 r--p 00018000 08:12 1308381                    /lib/x86_64-linux-gnu/libpthread-2.19.so
7ff683f59000-7ff683f5a000 rw-p 00019000 08:12 1308381                    /lib/x86_64-linux-gnu/libpthread-2.19.so
7ff683f5a000-7ff683f5e000 rw-p 00000000 00:00 0 
7ff683f5e000-7ff683f81000 r-xp 00000000 08:12 1308373                    /lib/x86_64-linux-gnu/ld-2.19.so
7ff683f88000-7ff683f97000 r--s 000dd000 00:19 1462766                    /home/xhaa/Android/Sdk/build-tools/21.1.2/lib/dx.jar
7ff683f97000-7ff683fa1000 rw-p 00000000 00:00 0 
7ff683fa1000-7ff684057000 rw-p 00000000 00:00 0 
7ff684057000-7ff68405a000 ---p 00000000 00:00 0 
7ff68405a000-7ff68415c000 rw-p 00000000 00:00 0                          [stack:14933]
7ff68415d000-7ff684174000 rw-p 00000000 00:00 0 
7ff684174000-7ff68417c000 rw-s 00000000 08:12 523513                     /tmp/hsperfdata_xhaa/14909
7ff68417c000-7ff68417d000 rw-p 00000000 00:00 0 
7ff68417d000-7ff68417e000 ---p 00000000 00:00 0 
7ff68417e000-7ff684180000 rw-p 00000000 00:00 0 
7ff684180000-7ff684181000 r--p 00022000 08:12 1308373                    /lib/x86_64-linux-gnu/ld-2.19.so
7ff684181000-7ff684182000 rw-p 00023000 08:12 1308373                    /lib/x86_64-linux-gnu/ld-2.19.so
7ff684182000-7ff684183000 rw-p 00000000 00:00 0 
7fffdd5bb000-7fffdd5dc000 rw-p 00000000 00:00 0                          [stack]
7fffdd5fa000-7fffdd5fc000 r-xp 00000000 00:00 0                          [vdso]
ffffffffff600000-ffffffffff601000 r-xp 00000000 00:00 0                  [vsyscall]

VM Arguments:
jvm_args: -Xmx1024M -Dfile.encoding=UTF-8 -Duser.country=US -Duser.language=en -Duser.variant 
java_command: com.android.dx.command.Main --dex --output /home/xhaa/AndroidStudioProjects/RekamMedik/app/build/intermediates/pre-dexed/debug/classes-3ecd6664279655767dab82cac5d58db87667d104.jar /home/xhaa/AndroidStudioProjects/RekamMedik/app/build/intermediates/exploded-aar/com.google.android.gms/play-services-base/7.3.0/classes.jar
Launcher Type: SUN_STANDARD

Environment Variables:
PATH=/usr/local/sbin:/usr/local/bin:/usr/sbin:/usr/bin:/sbin:/bin:/usr/games:/usr/local/games
LD_LIBRARY_PATH=/opt/android-studio/bin:
SHELL=/bin/bash
DISPLAY=:0

Signal Handlers:
SIGSEGV: [libjvm.so+0x9a21f0], sa_mask[0]=0x7ffbfeff, sa_flags=0x10000004
SIGBUS: [libjvm.so+0x9a21f0], sa_mask[0]=0x7ffbfeff, sa_flags=0x10000004
SIGFPE: [libjvm.so+0x81ba40], sa_mask[0]=0x7ffbfeff, sa_flags=0x10000004
SIGPIPE: [libjvm.so+0x81ba40], sa_mask[0]=0x7ffbfeff, sa_flags=0x10000004
SIGXFSZ: [libjvm.so+0x81ba40], sa_mask[0]=0x7ffbfeff, sa_flags=0x10000004
SIGILL: [libjvm.so+0x81ba40], sa_mask[0]=0x7ffbfeff, sa_flags=0x10000004
SIGUSR1: SIG_DFL, sa_mask[0]=0x00000000, sa_flags=0x00000000
SIGUSR2: [libjvm.so+0x81d240], sa_mask[0]=0x00000004, sa_flags=0x10000004
SIGHUP: [libjvm.so+0x81e360], sa_mask[0]=0x7ffbfeff, sa_flags=0x10000004
SIGINT: [libjvm.so+0x81e360], sa_mask[0]=0x7ffbfeff, sa_flags=0x10000004
SIGTERM: [libjvm.so+0x81e360], sa_mask[0]=0x7ffbfeff, sa_flags=0x10000004
SIGQUIT: [libjvm.so+0x81e360], sa_mask[0]=0x7ffbfeff, sa_flags=0x10000004


---------------  S Y S T E M  ---------------

OS:jessie/sid

uname:Linux 3.13.0-53-generic #89-Ubuntu SMP Wed May 20 10:34:39 UTC 2015 x86_64
libc:glibc 2.19 NPTL 2.19 
rlimit: STACK 8192k, CORE 0k, NPROC 38578, NOFILE 4096, AS infinity
load average:4.69 2.02 1.40

/proc/meminfo:
MemTotal:        4967844 kB
MemFree:          109820 kB
Buffers:             188 kB
Cached:           416864 kB
SwapCached:            0 kB
Active:          4241916 kB
Inactive:         406832 kB
Active(anon):    4235876 kB
Inactive(anon):   401032 kB
Active(file):       6040 kB
Inactive(file):     5800 kB
Unevictable:          32 kB
Mlocked:              32 kB
SwapTotal:             0 kB
SwapFree:              0 kB
Dirty:               112 kB
Writeback:             0 kB
AnonPages:       4232512 kB
Mapped:           101604 kB
Shmem:            404332 kB
Slab:              89744 kB
SReclaimable:      35984 kB
SUnreclaim:        53760 kB
KernelStack:        6288 kB
PageTables:        44612 kB
NFS_Unstable:          0 kB
Bounce:                0 kB
WritebackTmp:          0 kB
CommitLimit:     2483920 kB
Committed_AS:    9668944 kB
VmallocTotal:   34359738367 kB
VmallocUsed:      355012 kB
VmallocChunk:   34359377020 kB
HardwareCorrupted:     0 kB
AnonHugePages:   1456128 kB
HugePages_Total:       0
HugePages_Free:        0
HugePages_Rsvd:        0
HugePages_Surp:        0
Hugepagesize:       2048 kB
DirectMap4k:       84248 kB
DirectMap2M:     5046272 kB


CPU:total 4 (2 cores per cpu, 2 threads per core) family 6 model 58 stepping 9, cmov, cx8, fxsr, mmx, sse, sse2, sse3, ssse3, sse4.1, sse4.2, popcnt, avx, aes, erms, ht, tsc, tscinvbit, tscinv

/proc/cpuinfo:
processor	: 0
vendor_id	: GenuineIntel
cpu family	: 6
model		: 58
model name	: Intel(R) Core(TM) i5-3337U CPU @ 1.80GHz
stepping	: 9
microcode	: 0x15
cpu MHz		: 1800.000
cache size	: 3072 KB
physical id	: 0
siblings	: 4
core id		: 0
cpu cores	: 2
apicid		: 0
initial apicid	: 0
fpu		: yes
fpu_exception	: yes
cpuid level	: 13
wp		: yes
flags		: fpu vme de pse tsc msr pae mce cx8 apic sep mtrr pge mca cmov pat pse36 clflush dts acpi mmx fxsr sse sse2 ss ht tm pbe syscall nx rdtscp lm constant_tsc arch_perfmon pebs bts rep_good nopl xtopology nonstop_tsc aperfmperf eagerfpu pni pclmulqdq dtes64 monitor ds_cpl vmx est tm2 ssse3 cx16 xtpr pdcm pcid sse4_1 sse4_2 x2apic popcnt tsc_deadline_timer aes xsave avx f16c rdrand lahf_lm arat epb xsaveopt pln pts dtherm tpr_shadow vnmi flexpriority ept vpid fsgsbase smep erms
bogomips	: 3591.82
clflush size	: 64
cache_alignment	: 64
address sizes	: 36 bits physical, 48 bits virtual
power management:

processor	: 1
vendor_id	: GenuineIntel
cpu family	: 6
model		: 58
model name	: Intel(R) Core(TM) i5-3337U CPU @ 1.80GHz
stepping	: 9
microcode	: 0x15
cpu MHz		: 1800.000
cache size	: 3072 KB
physical id	: 0
siblings	: 4
core id		: 1
cpu cores	: 2
apicid		: 2
initial apicid	: 2
fpu		: yes
fpu_exception	: yes
cpuid level	: 13
wp		: yes
flags		: fpu vme de pse tsc msr pae mce cx8 apic sep mtrr pge mca cmov pat pse36 clflush dts acpi mmx fxsr sse sse2 ss ht tm pbe syscall nx rdtscp lm constant_tsc arch_perfmon pebs bts rep_good nopl xtopology nonstop_tsc aperfmperf eagerfpu pni pclmulqdq dtes64 monitor ds_cpl vmx est tm2 ssse3 cx16 xtpr pdcm pcid sse4_1 sse4_2 x2apic popcnt tsc_deadline_timer aes xsave avx f16c rdrand lahf_lm arat epb xsaveopt pln pts dtherm tpr_shadow vnmi flexpriority ept vpid fsgsbase smep erms
bogomips	: 3591.82
clflush size	: 64
cache_alignment	: 64
address sizes	: 36 bits physical, 48 bits virtual
power management:

processor	: 2
vendor_id	: GenuineIntel
cpu family	: 6
model		: 58
model name	: Intel(R) Core(TM) i5-3337U CPU @ 1.80GHz
stepping	: 9
microcode	: 0x15
cpu MHz		: 1800.000
cache size	: 3072 KB
physical id	: 0
siblings	: 4
core id		: 0
cpu cores	: 2
apicid		: 1
initial apicid	: 1
fpu		: yes
fpu_exception	: yes
cpuid level	: 13
wp		: yes
flags		: fpu vme de pse tsc msr pae mce cx8 apic sep mtrr pge mca cmov pat pse36 clflush dts acpi mmx fxsr sse sse2 ss ht tm pbe syscall nx rdtscp lm constant_tsc arch_perfmon pebs bts rep_good nopl xtopology nonstop_tsc aperfmperf eagerfpu pni pclmulqdq dtes64 monitor ds_cpl vmx est tm2 ssse3 cx16 xtpr pdcm pcid sse4_1 sse4_2 x2apic popcnt tsc_deadline_timer aes xsave avx f16c rdrand lahf_lm arat epb xsaveopt pln pts dtherm tpr_shadow vnmi flexpriority ept vpid fsgsbase smep erms
bogomips	: 3591.82
clflush size	: 64
cache_alignment	: 64
address sizes	: 36 bits physical, 48 bits virtual
power management:

processor	: 3
vendor_id	: GenuineIntel
cpu family	: 6
model		: 58
model name	: Intel(R) Core(TM) i5-3337U CPU @ 1.80GHz
stepping	: 9
microcode	: 0x15
cpu MHz		: 1800.000
cache size	: 3072 KB
physical id	: 0
siblings	: 4
core id		: 1
cpu cores	: 2
apicid		: 3
initial apicid	: 3
fpu		: yes
fpu_exception	: yes
cpuid level	: 13
wp		: yes
flags		: fpu vme de pse tsc msr pae mce cx8 apic sep mtrr pge mca cmov pat pse36 clflush dts acpi mmx fxsr sse sse2 ss ht tm pbe syscall nx rdtscp lm constant_tsc arch_perfmon pebs bts rep_good nopl xtopology nonstop_tsc aperfmperf eagerfpu pni pclmulqdq dtes64 monitor ds_cpl vmx est tm2 ssse3 cx16 xtpr pdcm pcid sse4_1 sse4_2 x2apic popcnt tsc_deadline_timer aes xsave avx f16c rdrand lahf_lm arat epb xsaveopt pln pts dtherm tpr_shadow vnmi flexpriority ept vpid fsgsbase smep erms
bogomips	: 3591.82
clflush size	: 64
cache_alignment	: 64
address sizes	: 36 bits physical, 48 bits virtual
power management:



Memory: 4k page, physical 4967844k(111440k free), swap 0k(0k free)

vm_info: Java HotSpot(TM) 64-Bit Server VM (24.75-b04) for linux-amd64 JRE (1.7.0_75-b13), built on Dec 18 2014 16:45:18 by "java_re" with gcc 4.3.0 20080428 (Red Hat 4.3.0-8)

time: Tue Jun  2 01:26:13 2015
elapsed time: 13 seconds

