#
# There is insufficient memory for the Java Runtime Environment to continue.
# Native memory allocation (malloc) failed to allocate 46137344 bytes for committing reserved memory.
# Possible reasons:
#   The system is out of physical RAM or swap space
#   In 32 bit mode, the process size limit was hit
# Possible solutions:
#   Reduce memory load on the system
#   Increase physical memory or swap space
#   Check if swap backing store is full
#   Use 64 bit Java on a 64 bit OS
#   Decrease Java heap size (-Xmx/-Xms)
#   Decrease number of Java threads
#   Decrease Java thread stack sizes (-Xss)
#   Set larger code cache with -XX:ReservedCodeCacheSize=
# This output file may be truncated or incomplete.
#
#  Out of Memory Error (os_linux.cpp:2756), pid=15819, tid=139664842716928
#
# JRE version: Java(TM) SE Runtime Environment (7.0_75-b13) (build 1.7.0_75-b13)
# Java VM: Java HotSpot(TM) 64-Bit Server VM (24.75-b04 mixed mode linux-amd64 compressed oops)
# Failed to write core dump. Core dumps have been disabled. To enable core dumping, try "ulimit -c unlimited" before starting Java again
#

---------------  T H R E A D  ---------------

Current thread (0x00007f064c069800):  VMThread [stack: 0x00007f0641467000,0x00007f0641568000] [id=15828]

Stack: [0x00007f0641467000,0x00007f0641568000],  sp=0x00007f0641565fc0,  free space=1019k
Native frames: (J=compiled Java code, j=interpreted, Vv=VM code, C=native code)
V  [libjvm.so+0x9a18da]  VMError::report_and_die()+0x2ea
V  [libjvm.so+0x4975ab]  report_vm_out_of_memory(char const*, int, unsigned long, char const*)+0x9b
V  [libjvm.so+0x81ebae]  os::Linux::commit_memory_impl(char*, unsigned long, bool)+0xfe
V  [libjvm.so+0x81f0f9]  os::pd_commit_memory(char*, unsigned long, unsigned long, bool)+0x29
V  [libjvm.so+0x818e8a]  os::commit_memory(char*, unsigned long, unsigned long, bool)+0x2a
V  [libjvm.so+0x88bfb3]  PSVirtualSpace::expand_by(unsigned long)+0x53
V  [libjvm.so+0x88d388]  PSYoungGen::resize_generation(unsigned long, unsigned long)+0xf8
V  [libjvm.so+0x88c4f2]  PSYoungGen::resize(unsigned long, unsigned long)+0x22
V  [libjvm.so+0x889943]  PSScavenge::invoke_no_policy()+0xfb3
V  [libjvm.so+0x88a0f1]  PSScavenge::invoke()+0x41
V  [libjvm.so+0x840a90]  ParallelScavengeHeap::failed_mem_allocate(unsigned long)+0x70
V  [libjvm.so+0x9a3167]  VM_ParallelGCFailedAllocation::doit()+0x97
V  [libjvm.so+0x9aa605]  VM_Operation::evaluate()+0x55
V  [libjvm.so+0x9a89ca]  VMThread::evaluate_operation(VM_Operation*)+0xba
V  [libjvm.so+0x9a8d4e]  VMThread::loop()+0x1ce
V  [libjvm.so+0x9a91c0]  VMThread::run()+0x70
V  [libjvm.so+0x820b88]  java_start(Thread*)+0x108

VM_Operation (0x00007f06532ece20): ParallelGCFailedAllocation, mode: safepoint, requested by thread 0x00007f064c00a000


---------------  P R O C E S S  ---------------

Java Threads: ( => current thread )
  0x00007f064c0a0800 JavaThread "Service Thread" daemon [_thread_blocked, id=15834, stack(0x00007f064077f000,0x00007f0640880000)]
  0x00007f064c09e000 JavaThread "C2 CompilerThread1" daemon [_thread_blocked, id=15833, stack(0x00007f0640880000,0x00007f0640981000)]
  0x00007f064c09b000 JavaThread "C2 CompilerThread0" daemon [_thread_blocked, id=15832, stack(0x00007f0640981000,0x00007f0640a82000)]
  0x00007f064c099000 JavaThread "Signal Dispatcher" daemon [_thread_blocked, id=15831, stack(0x00007f0640a82000,0x00007f0640b83000)]
  0x00007f064c070000 JavaThread "Finalizer" daemon [_thread_blocked, id=15830, stack(0x00007f0641265000,0x00007f0641366000)]
  0x00007f064c06e000 JavaThread "Reference Handler" daemon [_thread_blocked, id=15829, stack(0x00007f0641366000,0x00007f0641467000)]
  0x00007f064c00a000 JavaThread "main" [_thread_blocked, id=15821, stack(0x00007f06531ee000,0x00007f06532ef000)]

Other Threads:
=>0x00007f064c069800 VMThread [stack: 0x00007f0641467000,0x00007f0641568000] [id=15828]
  0x00007f064c0a3000 WatcherThread [stack: 0x00007f064067e000,0x00007f064077f000] [id=15835]

VM state:at safepoint (normal execution)

VM Mutex/Monitor currently owned by a thread:  ([mutex/lock_event])
[0x00007f064c006410] Threads_lock - owner thread: 0x00007f064c069800
[0x00007f064c006910] Heap_lock - owner thread: 0x00007f064c00a000

Heap
 PSYoungGen      total 47616K, used 7658K [0x00000000eaa80000, 0x00000000ee080000, 0x0000000100000000)
  eden space 39936K, 0% used [0x00000000eaa80000,0x00000000eaa80000,0x00000000ed180000)
  from space 7680K, 99% used [0x00000000ed180000,0x00000000ed8fa828,0x00000000ed900000)
  to   space 7680K, 0% used [0x00000000ed900000,0x00000000ed900000,0x00000000ee080000)
 ParOldGen       total 51712K, used 18829K [0x00000000c0000000, 0x00000000c3280000, 0x00000000eaa80000)
  object space 51712K, 36% used [0x00000000c0000000,0x00000000c1263558,0x00000000c3280000)
 PSPermGen       total 21504K, used 5630K [0x00000000bae00000, 0x00000000bc300000, 0x00000000c0000000)
  object space 21504K, 26% used [0x00000000bae00000,0x00000000bb37fa98,0x00000000bc300000)

Card table byte_map: [0x00007f06502b7000,0x00007f06504e1000] byte_map_base: 0x00007f064fce0000

Polling page: 0x00007f0653314000

Code Cache  [0x00007f0649000000, 0x00007f0649270000, 0x00007f064c000000)
 total_blobs=724 nmethods=497 adapters=180 free_code_cache=47178Kb largest_free_block=48261824

Compilation events (10 events):
Event: 19.619 Thread 0x00007f064c09e000 nmethod 504 0x00007f06491e4990 code [0x00007f06491e4ac0, 0x00007f06491e4b18]
Event: 19.620 Thread 0x00007f064c09e000  505             java.util.TreeMap::successor (66 bytes)
Event: 19.625 Thread 0x00007f064c09e000 nmethod 505 0x00007f06491e4690 code [0x00007f06491e47e0, 0x00007f06491e4898]
Event: 19.625 Thread 0x00007f064c09e000  506             com.android.dx.cf.code.ByteCatchList::listFor (120 bytes)
Event: 19.729 Thread 0x00007f064c09e000 nmethod 506 0x00007f06491e9350 code [0x00007f06491e94e0, 0x00007f06491e9b48]
Event: 19.881 Thread 0x00007f064c09e000  507             com.android.dx.ssa.back.FirstFitLocalCombiningAllocator$Alignment$3::nextClearBit (6 bytes)
Event: 19.921 Thread 0x00007f064c09e000 nmethod 507 0x00007f06491ea090 code [0x00007f06491ea1e0, 0x00007f06491ea338]
Event: 19.921 Thread 0x00007f064c09e000  508             com.android.dx.cf.code.Frame::getLocals (5 bytes)
Event: 19.921 Thread 0x00007f064c09e000 nmethod 508 0x00007f06491e9150 code [0x00007f06491e9280, 0x00007f06491e92d8]
Event: 19.921 Thread 0x00007f064c09e000  509             com.android.dx.ssa.SsaBasicBlock::replaceSuccessor (125 bytes)

GC Heap History (10 events):
Event: 10.603 GC heap after
Heap after GC invocations=2 (full 0):
 PSYoungGen      total 23040K, used 3066K [0x00000000eaa80000, 0x00000000ec400000, 0x0000000100000000)
  eden space 19968K, 0% used [0x00000000eaa80000,0x00000000eaa80000,0x00000000ebe00000)
  from space 3072K, 99% used [0x00000000ec100000,0x00000000ec3fe9a0,0x00000000ec400000)
  to   space 3072K, 0% used [0x00000000ebe00000,0x00000000ebe00000,0x00000000ec100000)
 ParOldGen       total 51712K, used 4618K [0x00000000c0000000, 0x00000000c3280000, 0x00000000eaa80000)
  object space 51712K, 8% used [0x00000000c0000000,0x00000000c0482bc0,0x00000000c3280000)
 PSPermGen       total 21504K, used 5464K [0x00000000bae00000, 0x00000000bc300000, 0x00000000c0000000)
  object space 21504K, 25% used [0x00000000bae00000,0x00000000bb356210,0x00000000bc300000)
}
Event: 12.943 GC heap before
{Heap before GC invocations=3 (full 0):
 PSYoungGen      total 23040K, used 23034K [0x00000000eaa80000, 0x00000000ec400000, 0x0000000100000000)
  eden space 19968K, 100% used [0x00000000eaa80000,0x00000000ebe00000,0x00000000ebe00000)
  from space 3072K, 99% used [0x00000000ec100000,0x00000000ec3fe9a0,0x00000000ec400000)
  to   space 3072K, 0% used [0x00000000ebe00000,0x00000000ebe00000,0x00000000ec100000)
 ParOldGen       total 51712K, used 4618K [0x00000000c0000000, 0x00000000c3280000, 0x00000000eaa80000)
  object space 51712K, 8% used [0x00000000c0000000,0x00000000c0482bc0,0x00000000c3280000)
 PSPermGen       total 21504K, used 5506K [0x00000000bae00000, 0x00000000bc300000, 0x00000000c0000000)
  object space 21504K, 25% used [0x00000000bae00000,0x00000000bb360a98,0x00000000bc300000)
Event: 12.980 GC heap after
Heap after GC invocations=3 (full 0):
 PSYoungGen      total 23040K, used 3059K [0x00000000eaa80000, 0x00000000ec400000, 0x0000000100000000)
  eden space 19968K, 0% used [0x00000000eaa80000,0x00000000eaa80000,0x00000000ebe00000)
  from space 3072K, 99% used [0x00000000ebe00000,0x00000000ec0fcd28,0x00000000ec100000)
  to   space 3072K, 0% used [0x00000000ec100000,0x00000000ec100000,0x00000000ec400000)
 ParOldGen       total 51712K, used 7914K [0x00000000c0000000, 0x00000000c3280000, 0x00000000eaa80000)
  object space 51712K, 15% used [0x00000000c0000000,0x00000000c07ba8e8,0x00000000c3280000)
 PSPermGen       total 21504K, used 5506K [0x00000000bae00000, 0x00000000bc300000, 0x00000000c0000000)
  object space 21504K, 25% used [0x00000000bae00000,0x00000000bb360a98,0x00000000bc300000)
}
Event: 15.335 GC heap before
{Heap before GC invocations=4 (full 0):
 PSYoungGen      total 23040K, used 23027K [0x00000000eaa80000, 0x00000000ec400000, 0x0000000100000000)
  eden space 19968K, 100% used [0x00000000eaa80000,0x00000000ebe00000,0x00000000ebe00000)
  from space 3072K, 99% used [0x00000000ebe00000,0x00000000ec0fcd28,0x00000000ec100000)
  to   space 3072K, 0% used [0x00000000ec100000,0x00000000ec100000,0x00000000ec400000)
 ParOldGen       total 51712K, used 7914K [0x00000000c0000000, 0x00000000c3280000, 0x00000000eaa80000)
  object space 51712K, 15% used [0x00000000c0000000,0x00000000c07ba8e8,0x00000000c3280000)
 PSPermGen       total 21504K, used 5528K [0x00000000bae00000, 0x00000000bc300000, 0x00000000c0000000)
  object space 21504K, 25% used [0x00000000bae00000,0x00000000bb3661d8,0x00000000bc300000)
Event: 15.390 GC heap after
Heap after GC invocations=4 (full 0):
 PSYoungGen      total 23040K, used 3059K [0x00000000eaa80000, 0x00000000ed780000, 0x0000000100000000)
  eden space 19968K, 0% used [0x00000000eaa80000,0x00000000eaa80000,0x00000000ebe00000)
  from space 3072K, 99% used [0x00000000ec100000,0x00000000ec3fcd48,0x00000000ec400000)
  to   space 3072K, 0% used [0x00000000ebe00000,0x00000000ebe00000,0x00000000ec100000)
 ParOldGen       total 51712K, used 11495K [0x00000000c0000000, 0x00000000c3280000, 0x00000000eaa80000)
  object space 51712K, 22% used [0x00000000c0000000,0x00000000c0b39df0,0x00000000c3280000)
 PSPermGen       total 21504K, used 5528K [0x00000000bae00000, 0x00000000bc300000, 0x00000000c0000000)
  object space 21504K, 25% used [0x00000000bae00000,0x00000000bb3661d8,0x00000000bc300000)
}
Event: 16.889 GC heap before
{Heap before GC invocations=5 (full 0):
 PSYoungGen      total 23040K, used 23027K [0x00000000eaa80000, 0x00000000ed780000, 0x0000000100000000)
  eden space 19968K, 100% used [0x00000000eaa80000,0x00000000ebe00000,0x00000000ebe00000)
  from space 3072K, 99% used [0x00000000ec100000,0x00000000ec3fcd48,0x00000000ec400000)
  to   space 3072K, 0% used [0x00000000ebe00000,0x00000000ebe00000,0x00000000ec100000)
 ParOldGen       total 51712K, used 11495K [0x00000000c0000000, 0x00000000c3280000, 0x00000000eaa80000)
  object space 51712K, 22% used [0x00000000c0000000,0x00000000c0b39df0,0x00000000c3280000)
 PSPermGen       total 21504K, used 5589K [0x00000000bae00000, 0x00000000bc300000, 0x00000000c0000000)
  object space 21504K, 25% used [0x00000000bae00000,0x00000000bb375478,0x00000000bc300000)
Event: 17.212 GC heap after
Heap after GC invocations=5 (full 0):
 PSYoungGen      total 23040K, used 3059K [0x00000000eaa80000, 0x00000000ee080000, 0x0000000100000000)
  eden space 19968K, 0% used [0x00000000eaa80000,0x00000000eaa80000,0x00000000ebe00000)
  from space 3072K, 99% used [0x00000000ebe00000,0x00000000ec0fcd28,0x00000000ec100000)
  to   space 7680K, 0% used [0x00000000ed900000,0x00000000ed900000,0x00000000ee080000)
 ParOldGen       total 51712K, used 14931K [0x00000000c0000000, 0x00000000c3280000, 0x00000000eaa80000)
  object space 51712K, 28% used [0x00000000c0000000,0x00000000c0e94e00,0x00000000c3280000)
 PSPermGen       total 21504K, used 5589K [0x00000000bae00000, 0x00000000bc300000, 0x00000000c0000000)
  object space 21504K, 25% used [0x00000000bae00000,0x00000000bb375478,0x00000000bc300000)
}
Event: 18.312 GC heap before
{Heap before GC invocations=6 (full 0):
 PSYoungGen      total 23040K, used 23027K [0x00000000eaa80000, 0x00000000ee080000, 0x0000000100000000)
  eden space 19968K, 100% used [0x00000000eaa80000,0x00000000ebe00000,0x00000000ebe00000)
  from space 3072K, 99% used [0x00000000ebe00000,0x00000000ec0fcd28,0x00000000ec100000)
  to   space 7680K, 0% used [0x00000000ed900000,0x00000000ed900000,0x00000000ee080000)
 ParOldGen       total 51712K, used 14931K [0x00000000c0000000, 0x00000000c3280000, 0x00000000eaa80000)
  object space 51712K, 28% used [0x00000000c0000000,0x00000000c0e94e00,0x00000000c3280000)
 PSPermGen       total 21504K, used 5603K [0x00000000bae00000, 0x00000000bc300000, 0x00000000c0000000)
  object space 21504K, 26% used [0x00000000bae00000,0x00000000bb378d78,0x00000000bc300000)
Event: 18.355 GC heap after
Heap after GC invocations=6 (full 0):
 PSYoungGen      total 47616K, used 6308K [0x00000000eaa80000, 0x00000000ee080000, 0x0000000100000000)
  eden space 39936K, 0% used [0x00000000eaa80000,0x00000000eaa80000,0x00000000ed180000)
  from space 7680K, 82% used [0x00000000ed900000,0x00000000edf290d0,0x00000000ee080000)
  to   space 7680K, 0% used [0x00000000ed180000,0x00000000ed180000,0x00000000ed900000)
 ParOldGen       total 51712K, used 14931K [0x00000000c0000000, 0x00000000c3280000, 0x00000000eaa80000)
  object space 51712K, 28% used [0x00000000c0000000,0x00000000c0e94e00,0x00000000c3280000)
 PSPermGen       total 21504K, used 5603K [0x00000000bae00000, 0x00000000bc300000, 0x00000000c0000000)
  object space 21504K, 26% used [0x00000000bae00000,0x00000000bb378d78,0x00000000bc300000)
}
Event: 20.103 GC heap before
{Heap before GC invocations=7 (full 0):
 PSYoungGen      total 47616K, used 46244K [0x00000000eaa80000, 0x00000000ee080000, 0x0000000100000000)
  eden space 39936K, 100% used [0x00000000eaa80000,0x00000000ed180000,0x00000000ed180000)
  from space 7680K, 82% used [0x00000000ed900000,0x00000000edf290d0,0x00000000ee080000)
  to   space 7680K, 0% used [0x00000000ed180000,0x00000000ed180000,0x00000000ed900000)
 ParOldGen       total 51712K, used 14931K [0x00000000c0000000, 0x00000000c3280000, 0x00000000eaa80000)
  object space 51712K, 28% used [0x00000000c0000000,0x00000000c0e94e00,0x00000000c3280000)
 PSPermGen       total 21504K, used 5630K [0x00000000bae00000, 0x00000000bc300000, 0x00000000c0000000)
  object space 21504K, 26% used [0x00000000bae00000,0x00000000bb37fa98,0x00000000bc300000)

Deoptimization events (10 events):
Event: 17.486 Thread 0x00007f064c00a000 Uncommon trap: reason=class_check action=maybe_recompile pc=0x00007f064917ca48 method=com.android.dx.ssa.PhiTypeResolver.run()V @ 132
Event: 17.725 Thread 0x00007f064c00a000 Uncommon trap: reason=class_check action=maybe_recompile pc=0x00007f06491a1bb4 method=com.android.dx.cf.code.Ropper.processBlock(Lcom/android/dx/cf/code/ByteBlock;Lcom/android/dx/cf/code/Frame;[I)V @ 777
Event: 17.725 Thread 0x00007f064c00a000 Uncommon trap: reason=class_check action=maybe_recompile pc=0x00007f06491a1bb4 method=com.android.dx.cf.code.Ropper.processBlock(Lcom/android/dx/cf/code/ByteBlock;Lcom/android/dx/cf/code/Frame;[I)V @ 777
Event: 17.725 Thread 0x00007f064c00a000 Uncommon trap: reason=class_check action=maybe_recompile pc=0x00007f06491a1bb4 method=com.android.dx.cf.code.Ropper.processBlock(Lcom/android/dx/cf/code/ByteBlock;Lcom/android/dx/cf/code/Frame;[I)V @ 777
Event: 17.725 Thread 0x00007f064c00a000 Uncommon trap: reason=class_check action=maybe_recompile pc=0x00007f06491a1bb4 method=com.android.dx.cf.code.Ropper.processBlock(Lcom/android/dx/cf/code/ByteBlock;Lcom/android/dx/cf/code/Frame;[I)V @ 777
Event: 17.804 Thread 0x00007f064c00a000 Uncommon trap: reason=class_check action=maybe_recompile pc=0x00007f064917ca48 method=com.android.dx.ssa.PhiTypeResolver.run()V @ 132
Event: 18.601 Thread 0x00007f064c00a000 Uncommon trap: reason=null_check action=make_not_entrant pc=0x00007f06491b86d4 method=com.android.dx.dex.file.FieldIdsSection.intern(Lcom/android/dx/rop/cst/CstFieldRef;)Lcom/android/dx/dex/file/FieldIdItem; @ 26
Event: 19.873 Thread 0x00007f064c00a000 Uncommon trap: reason=bimorphic action=maybe_recompile pc=0x00007f06491cf5bc method=com.android.dx.cf.code.RopperMachine.run(Lcom/android/dx/cf/code/Frame;II)V @ 310
Event: 19.881 Thread 0x00007f064c00a000 Uncommon trap: reason=bimorphic action=maybe_recompile pc=0x00007f06491cf5bc method=com.android.dx.cf.code.RopperMachine.run(Lcom/android/dx/cf/code/Frame;II)V @ 310
Event: 19.881 Thread 0x00007f064c00a000 Uncommon trap: reason=bimorphic action=maybe_recompile pc=0x00007f06491cf5bc method=com.android.dx.cf.code.RopperMachine.run(Lcom/android/dx/cf/code/Frame;II)V @ 310

Internal exceptions (10 events):
Event: 16.014 Thread 0x00007f064c00a000 Threw 0x00000000eb1b3da8 at /HUDSON/workspace/7u-2-build-linux-amd64/jdk7u75/1940/hotspot/src/share/vm/prims/jvm.cpp:1281
Event: 16.020 Thread 0x00007f064c00a000 Threw 0x00000000eb1bd9d8 at /HUDSON/workspace/7u-2-build-linux-amd64/jdk7u75/1940/hotspot/src/share/vm/prims/jvm.cpp:1281
Event: 16.020 Thread 0x00007f064c00a000 Threw 0x00000000eb1bfb20 at /HUDSON/workspace/7u-2-build-linux-amd64/jdk7u75/1940/hotspot/src/share/vm/prims/jvm.cpp:1281
Event: 16.021 Thread 0x00007f064c00a000 Threw 0x00000000eb1c2800 at /HUDSON/workspace/7u-2-build-linux-amd64/jdk7u75/1940/hotspot/src/share/vm/prims/jvm.cpp:1281
Event: 16.172 Thread 0x00007f064c00a000 Threw 0x00000000eb372d88 at /HUDSON/workspace/7u-2-build-linux-amd64/jdk7u75/1940/hotspot/src/share/vm/prims/jvm.cpp:1281
Event: 16.205 Thread 0x00007f064c00a000 Threw 0x00000000eb3d7ed8 at /HUDSON/workspace/7u-2-build-linux-amd64/jdk7u75/1940/hotspot/src/share/vm/prims/jvm.cpp:1281
Event: 16.206 Thread 0x00007f064c00a000 Threw 0x00000000eb3da3d8 at /HUDSON/workspace/7u-2-build-linux-amd64/jdk7u75/1940/hotspot/src/share/vm/prims/jvm.cpp:1281
Event: 16.211 Thread 0x00007f064c00a000 Threw 0x00000000eb3f1598 at /HUDSON/workspace/7u-2-build-linux-amd64/jdk7u75/1940/hotspot/src/share/vm/prims/jvm.cpp:1281
Event: 16.218 Thread 0x00007f064c00a000 Threw 0x00000000eb3f6c48 at /HUDSON/workspace/7u-2-build-linux-amd64/jdk7u75/1940/hotspot/src/share/vm/prims/jvm.cpp:1281
Event: 16.219 Thread 0x00007f064c00a000 Threw 0x00000000eb3fc080 at /HUDSON/workspace/7u-2-build-linux-amd64/jdk7u75/1940/hotspot/src/share/vm/prims/jvm.cpp:1281

Events (10 events):
Event: 19.790 Thread 0x00007f064c00a000 Uncommon trap: trap_request=0xffffffc6 fr.pc=0x00007f06491cf5bc
Event: 19.875 Thread 0x00007f064c00a000 DEOPT PACKING pc=0x00007f06491cf5bc sp=0x00007f06532ecca0
Event: 19.879 Thread 0x00007f064c00a000 DEOPT UNPACKING pc=0x00007f0649039445 sp=0x00007f06532ecc30 mode 2
Event: 19.881 Thread 0x00007f064c00a000 Uncommon trap: trap_request=0xffffffc6 fr.pc=0x00007f06491cf5bc
Event: 19.881 Thread 0x00007f064c00a000 DEOPT PACKING pc=0x00007f06491cf5bc sp=0x00007f06532ecca0
Event: 19.881 Thread 0x00007f064c00a000 DEOPT UNPACKING pc=0x00007f0649039445 sp=0x00007f06532ecc30 mode 2
Event: 19.881 Thread 0x00007f064c00a000 Uncommon trap: trap_request=0xffffffc6 fr.pc=0x00007f06491cf5bc
Event: 19.881 Thread 0x00007f064c00a000 DEOPT PACKING pc=0x00007f06491cf5bc sp=0x00007f06532ecca0
Event: 19.881 Thread 0x00007f064c00a000 DEOPT UNPACKING pc=0x00007f0649039445 sp=0x00007f06532ecc30 mode 2
Event: 20.006 Executing VM operation: ParallelGCFailedAllocation


Dynamic libraries:
00400000-00401000 r-xp 00000000 08:12 1216900                            /opt/jdk1.7.0_75/bin/java
00600000-00601000 rw-p 00000000 08:12 1216900                            /opt/jdk1.7.0_75/bin/java
01834000-01855000 rw-p 00000000 00:00 0                                  [heap]
bae00000-bc300000 rw-p 00000000 00:00 0 
bc300000-c0000000 rw-p 00000000 00:00 0 
c0000000-c3280000 rw-p 00000000 00:00 0 
c3280000-eaa80000 rw-p 00000000 00:00 0 
eaa80000-ee080000 rw-p 00000000 00:00 0 
f0c80000-100000000 rw-p 00000000 00:00 0 
7f060c000000-7f060c021000 rw-p 00000000 00:00 0 
7f060c021000-7f0610000000 ---p 00000000 00:00 0 
7f0610000000-7f0610021000 rw-p 00000000 00:00 0 
7f0610021000-7f0614000000 ---p 00000000 00:00 0 
7f0614000000-7f06151a3000 rw-p 00000000 00:00 0 
7f06151a3000-7f0618000000 ---p 00000000 00:00 0 
7f0618000000-7f0618d32000 rw-p 00000000 00:00 0 
7f0618d32000-7f061c000000 ---p 00000000 00:00 0 
7f061c000000-7f061c021000 rw-p 00000000 00:00 0 
7f061c021000-7f0620000000 ---p 00000000 00:00 0 
7f0620000000-7f0620021000 rw-p 00000000 00:00 0 
7f0620021000-7f0624000000 ---p 00000000 00:00 0 
7f0624000000-7f062424e000 rw-p 00000000 00:00 0 
7f062424e000-7f0628000000 ---p 00000000 00:00 0 
7f0628000000-7f0628021000 rw-p 00000000 00:00 0 
7f0628021000-7f062c000000 ---p 00000000 00:00 0 
7f062c000000-7f062c021000 rw-p 00000000 00:00 0 
7f062c021000-7f0630000000 ---p 00000000 00:00 0 
7f0634000000-7f0634021000 rw-p 00000000 00:00 0 
7f0634021000-7f0638000000 ---p 00000000 00:00 0 
7f063c000000-7f063c021000 rw-p 00000000 00:00 0 
7f063c021000-7f0640000000 ---p 00000000 00:00 0 
7f0640256000-7f064026c000 r-xp 00000000 08:12 1217403                    /opt/jdk1.7.0_75/jre/lib/amd64/libnet.so
7f064026c000-7f064046c000 ---p 00016000 08:12 1217403                    /opt/jdk1.7.0_75/jre/lib/amd64/libnet.so
7f064046c000-7f064046d000 rw-p 00016000 08:12 1217403                    /opt/jdk1.7.0_75/jre/lib/amd64/libnet.so
7f064046d000-7f064047d000 r-xp 00000000 08:12 1217475                    /opt/jdk1.7.0_75/jre/lib/amd64/libnio.so
7f064047d000-7f064067d000 ---p 00010000 08:12 1217475                    /opt/jdk1.7.0_75/jre/lib/amd64/libnio.so
7f064067d000-7f064067e000 rw-p 00010000 08:12 1217475                    /opt/jdk1.7.0_75/jre/lib/amd64/libnio.so
7f064067e000-7f064067f000 ---p 00000000 00:00 0 
7f064067f000-7f064077f000 rw-p 00000000 00:00 0                          [stack:15835]
7f064077f000-7f0640782000 ---p 00000000 00:00 0 
7f0640782000-7f0640880000 rw-p 00000000 00:00 0                          [stack:15834]
7f0640880000-7f0640883000 ---p 00000000 00:00 0 
7f0640883000-7f0640981000 rw-p 00000000 00:00 0                          [stack:15833]
7f0640981000-7f0640984000 ---p 00000000 00:00 0 
7f0640984000-7f0640a82000 rw-p 00000000 00:00 0                          [stack:15832]
7f0640a82000-7f0640a85000 ---p 00000000 00:00 0 
7f0640a85000-7f0640b83000 rw-p 00000000 00:00 0                          [stack:15831]
7f0640b83000-7f0641265000 r--p 00000000 08:12 662290                     /usr/lib/locale/locale-archive
7f0641265000-7f0641268000 ---p 00000000 00:00 0 
7f0641268000-7f0641366000 rw-p 00000000 00:00 0                          [stack:15830]
7f0641366000-7f0641369000 ---p 00000000 00:00 0 
7f0641369000-7f0641467000 rw-p 00000000 00:00 0                          [stack:15829]
7f0641467000-7f0641468000 ---p 00000000 00:00 0 
7f0641468000-7f0644000000 rw-p 00000000 00:00 0                          [stack:15828]
7f0644000000-7f0644021000 rw-p 00000000 00:00 0 
7f0644021000-7f0648000000 ---p 00000000 00:00 0 
7f064800a000-7f064803b000 rw-p 00000000 00:00 0 
7f064803b000-7f064804d000 r--s 000c6000 00:19 728436                     /home/xhaa/AndroidStudioProjects/RekamMedik/app/build/intermediates/exploded-aar/com.android.support/support-v4/22.1.1/classes.jar
7f064804d000-7f0648844000 rw-p 00000000 00:00 0 
7f0648844000-7f0648a03000 r--s 039eb000 08:12 1217160                    /opt/jdk1.7.0_75/jre/lib/rt.jar
7f0648a03000-7f0648cfd000 rw-p 00000000 00:00 0 
7f0648cfd000-7f0648cfe000 ---p 00000000 00:00 0 
7f0648cfe000-7f0648dfe000 rw-p 00000000 00:00 0                          [stack:15827]
7f0648dfe000-7f0648dff000 ---p 00000000 00:00 0 
7f0648dff000-7f0648eff000 rw-p 00000000 00:00 0                          [stack:15826]
7f0648eff000-7f0648f00000 ---p 00000000 00:00 0 
7f0648f00000-7f0649000000 rw-p 00000000 00:00 0                          [stack:15825]
7f0649000000-7f0649270000 rwxp 00000000 00:00 0 
7f0649270000-7f064c1a5000 rw-p 00000000 00:00 0 
7f064c1a5000-7f0650000000 ---p 00000000 00:00 0 
7f065000f000-7f0650037000 rw-p 00000000 00:00 0 
7f0650037000-7f0650038000 ---p 00000000 00:00 0 
7f0650038000-7f0650143000 rw-p 00000000 00:00 0                          [stack:15824]
7f0650143000-7f0650161000 rw-p 00000000 00:00 0 
7f0650161000-7f065017b000 rw-p 00000000 00:00 0 
7f065017b000-7f06502b7000 rw-p 00000000 00:00 0 
7f06502b7000-7f06502c2000 rw-p 00000000 00:00 0 
7f06502c2000-7f06502e0000 rw-p 00000000 00:00 0 
7f06502e0000-7f06502fa000 rw-p 00000000 00:00 0 
7f06502fa000-7f0650435000 rw-p 00000000 00:00 0 
7f0650435000-7f0650451000 rw-p 00000000 00:00 0 
7f0650451000-7f06504e0000 rw-p 00000000 00:00 0 
7f06504e0000-7f06504e1000 rw-p 00000000 00:00 0 
7f06504e1000-7f06504fb000 r-xp 00000000 08:12 1217423                    /opt/jdk1.7.0_75/jre/lib/amd64/libzip.so
7f06504fb000-7f06506fb000 ---p 0001a000 08:12 1217423                    /opt/jdk1.7.0_75/jre/lib/amd64/libzip.so
7f06506fb000-7f06506fc000 rw-p 0001a000 08:12 1217423                    /opt/jdk1.7.0_75/jre/lib/amd64/libzip.so
7f06506fc000-7f0650707000 r-xp 00000000 08:12 1308351                    /lib/x86_64-linux-gnu/libnss_files-2.19.so
7f0650707000-7f0650906000 ---p 0000b000 08:12 1308351                    /lib/x86_64-linux-gnu/libnss_files-2.19.so
7f0650906000-7f0650907000 r--p 0000a000 08:12 1308351                    /lib/x86_64-linux-gnu/libnss_files-2.19.so
7f0650907000-7f0650908000 rw-p 0000b000 08:12 1308351                    /lib/x86_64-linux-gnu/libnss_files-2.19.so
7f0650908000-7f0650913000 r-xp 00000000 08:12 1308389                    /lib/x86_64-linux-gnu/libnss_nis-2.19.so
7f0650913000-7f0650b12000 ---p 0000b000 08:12 1308389                    /lib/x86_64-linux-gnu/libnss_nis-2.19.so
7f0650b12000-7f0650b13000 r--p 0000a000 08:12 1308389                    /lib/x86_64-linux-gnu/libnss_nis-2.19.so
7f0650b13000-7f0650b14000 rw-p 0000b000 08:12 1308389                    /lib/x86_64-linux-gnu/libnss_nis-2.19.so
7f0650b14000-7f0650b2b000 r-xp 00000000 08:12 1308369                    /lib/x86_64-linux-gnu/libnsl-2.19.so
7f0650b2b000-7f0650d2a000 ---p 00017000 08:12 1308369                    /lib/x86_64-linux-gnu/libnsl-2.19.so
7f0650d2a000-7f0650d2b000 r--p 00016000 08:12 1308369                    /lib/x86_64-linux-gnu/libnsl-2.19.so
7f0650d2b000-7f0650d2c000 rw-p 00017000 08:12 1308369                    /lib/x86_64-linux-gnu/libnsl-2.19.so
7f0650d2c000-7f0650d2e000 rw-p 00000000 00:00 0 
7f0650d2e000-7f0650d37000 r-xp 00000000 08:12 1308367                    /lib/x86_64-linux-gnu/libnss_compat-2.19.so
7f0650d37000-7f0650f36000 ---p 00009000 08:12 1308367                    /lib/x86_64-linux-gnu/libnss_compat-2.19.so
7f0650f36000-7f0650f37000 r--p 00008000 08:12 1308367                    /lib/x86_64-linux-gnu/libnss_compat-2.19.so
7f0650f37000-7f0650f38000 rw-p 00009000 08:12 1308367                    /lib/x86_64-linux-gnu/libnss_compat-2.19.so
7f0650f38000-7f0650f61000 r-xp 00000000 08:12 1217473                    /opt/jdk1.7.0_75/jre/lib/amd64/libjava.so
7f0650f61000-7f0651161000 ---p 00029000 08:12 1217473                    /opt/jdk1.7.0_75/jre/lib/amd64/libjava.so
7f0651161000-7f0651163000 rw-p 00029000 08:12 1217473                    /opt/jdk1.7.0_75/jre/lib/amd64/libjava.so
7f0651163000-7f0651170000 r-xp 00000000 08:12 1217465                    /opt/jdk1.7.0_75/jre/lib/amd64/libverify.so
7f0651170000-7f065136f000 ---p 0000d000 08:12 1217465                    /opt/jdk1.7.0_75/jre/lib/amd64/libverify.so
7f065136f000-7f0651371000 rw-p 0000c000 08:12 1217465                    /opt/jdk1.7.0_75/jre/lib/amd64/libverify.so
7f0651371000-7f0651378000 r-xp 00000000 08:12 1308385                    /lib/x86_64-linux-gnu/librt-2.19.so
7f0651378000-7f0651577000 ---p 00007000 08:12 1308385                    /lib/x86_64-linux-gnu/librt-2.19.so
7f0651577000-7f0651578000 r--p 00006000 08:12 1308385                    /lib/x86_64-linux-gnu/librt-2.19.so
7f0651578000-7f0651579000 rw-p 00007000 08:12 1308385                    /lib/x86_64-linux-gnu/librt-2.19.so
7f0651579000-7f065167e000 r-xp 00000000 08:12 1308349                    /lib/x86_64-linux-gnu/libm-2.19.so
7f065167e000-7f065187d000 ---p 00105000 08:12 1308349                    /lib/x86_64-linux-gnu/libm-2.19.so
7f065187d000-7f065187e000 r--p 00104000 08:12 1308349                    /lib/x86_64-linux-gnu/libm-2.19.so
7f065187e000-7f065187f000 rw-p 00105000 08:12 1308349                    /lib/x86_64-linux-gnu/libm-2.19.so
7f065187f000-7f06523f2000 r-xp 00000000 08:12 1217433                    /opt/jdk1.7.0_75/jre/lib/amd64/server/libjvm.so
7f06523f2000-7f06525f2000 ---p 00b73000 08:12 1217433                    /opt/jdk1.7.0_75/jre/lib/amd64/server/libjvm.so
7f06525f2000-7f06526b6000 rw-p 00b73000 08:12 1217433                    /opt/jdk1.7.0_75/jre/lib/amd64/server/libjvm.so
7f06526b6000-7f06526f7000 rw-p 00000000 00:00 0 
7f06526f7000-7f06528b2000 r-xp 00000000 08:12 1308379                    /lib/x86_64-linux-gnu/libc-2.19.so
7f06528b2000-7f0652ab1000 ---p 001bb000 08:12 1308379                    /lib/x86_64-linux-gnu/libc-2.19.so
7f0652ab1000-7f0652ab5000 r--p 001ba000 08:12 1308379                    /lib/x86_64-linux-gnu/libc-2.19.so
7f0652ab5000-7f0652ab7000 rw-p 001be000 08:12 1308379                    /lib/x86_64-linux-gnu/libc-2.19.so
7f0652ab7000-7f0652abc000 rw-p 00000000 00:00 0 
7f0652abc000-7f0652abf000 r-xp 00000000 08:12 1308357                    /lib/x86_64-linux-gnu/libdl-2.19.so
7f0652abf000-7f0652cbe000 ---p 00003000 08:12 1308357                    /lib/x86_64-linux-gnu/libdl-2.19.so
7f0652cbe000-7f0652cbf000 r--p 00002000 08:12 1308357                    /lib/x86_64-linux-gnu/libdl-2.19.so
7f0652cbf000-7f0652cc0000 rw-p 00003000 08:12 1308357                    /lib/x86_64-linux-gnu/libdl-2.19.so
7f0652cc0000-7f0652cd6000 r-xp 00000000 08:12 1207385                    /opt/jdk1.7.0_75/lib/amd64/jli/libjli.so
7f0652cd6000-7f0652ed6000 ---p 00016000 08:12 1207385                    /opt/jdk1.7.0_75/lib/amd64/jli/libjli.so
7f0652ed6000-7f0652ed7000 rw-p 00016000 08:12 1207385                    /opt/jdk1.7.0_75/lib/amd64/jli/libjli.so
7f0652ed7000-7f0652ef0000 r-xp 00000000 08:12 1308381                    /lib/x86_64-linux-gnu/libpthread-2.19.so
7f0652ef0000-7f06530ef000 ---p 00019000 08:12 1308381                    /lib/x86_64-linux-gnu/libpthread-2.19.so
7f06530ef000-7f06530f0000 r--p 00018000 08:12 1308381                    /lib/x86_64-linux-gnu/libpthread-2.19.so
7f06530f0000-7f06530f1000 rw-p 00019000 08:12 1308381                    /lib/x86_64-linux-gnu/libpthread-2.19.so
7f06530f1000-7f06530f5000 rw-p 00000000 00:00 0 
7f06530f5000-7f0653118000 r-xp 00000000 08:12 1308373                    /lib/x86_64-linux-gnu/ld-2.19.so
7f065311f000-7f065312e000 r--s 000dd000 00:19 1462766                    /home/xhaa/Android/Sdk/build-tools/21.1.2/lib/dx.jar
7f065312e000-7f0653138000 rw-p 00000000 00:00 0 
7f0653138000-7f06531ee000 rw-p 00000000 00:00 0 
7f06531ee000-7f06531f1000 ---p 00000000 00:00 0 
7f06531f1000-7f06532f3000 rw-p 00000000 00:00 0                          [stack:15821]
7f06532f4000-7f065330b000 rw-p 00000000 00:00 0 
7f065330b000-7f0653313000 rw-s 00000000 08:12 523511                     /tmp/hsperfdata_xhaa/15819
7f0653313000-7f0653314000 rw-p 00000000 00:00 0 
7f0653314000-7f0653315000 ---p 00000000 00:00 0 
7f0653315000-7f0653317000 rw-p 00000000 00:00 0 
7f0653317000-7f0653318000 r--p 00022000 08:12 1308373                    /lib/x86_64-linux-gnu/ld-2.19.so
7f0653318000-7f0653319000 rw-p 00023000 08:12 1308373                    /lib/x86_64-linux-gnu/ld-2.19.so
7f0653319000-7f065331a000 rw-p 00000000 00:00 0 
7ffd8a92f000-7ffd8a950000 rw-p 00000000 00:00 0                          [stack]
7ffd8a9f5000-7ffd8a9f7000 r-xp 00000000 00:00 0                          [vdso]
ffffffffff600000-ffffffffff601000 r-xp 00000000 00:00 0                  [vsyscall]

VM Arguments:
jvm_args: -Xmx1024M -Dfile.encoding=UTF-8 -Duser.country=US -Duser.language=en -Duser.variant 
java_command: com.android.dx.command.Main --dex --output /home/xhaa/AndroidStudioProjects/RekamMedik/app/build/intermediates/pre-dexed/debug/classes-99a3611bf47a3dade64b834697d4f169b9c31120.jar /home/xhaa/AndroidStudioProjects/RekamMedik/app/build/intermediates/exploded-aar/com.android.support/support-v4/22.1.1/classes.jar
Launcher Type: SUN_STANDARD

Environment Variables:
PATH=/usr/local/sbin:/usr/local/bin:/usr/sbin:/usr/bin:/sbin:/bin:/usr/games:/usr/local/games
LD_LIBRARY_PATH=/opt/android-studio/bin:
SHELL=/bin/bash
DISPLAY=:0

Signal Handlers:
SIGSEGV: [libjvm.so+0x9a21f0], sa_mask[0]=0x7ffbfeff, sa_flags=0x10000004
SIGBUS: [libjvm.so+0x9a21f0], sa_mask[0]=0x7ffbfeff, sa_flags=0x10000004
SIGFPE: [libjvm.so+0x81ba40], sa_mask[0]=0x7ffbfeff, sa_flags=0x10000004
SIGPIPE: [libjvm.so+0x81ba40], sa_mask[0]=0x7ffbfeff, sa_flags=0x10000004
SIGXFSZ: [libjvm.so+0x81ba40], sa_mask[0]=0x7ffbfeff, sa_flags=0x10000004
SIGILL: [libjvm.so+0x81ba40], sa_mask[0]=0x7ffbfeff, sa_flags=0x10000004
SIGUSR1: SIG_DFL, sa_mask[0]=0x00000000, sa_flags=0x00000000
SIGUSR2: [libjvm.so+0x81d240], sa_mask[0]=0x00000004, sa_flags=0x10000004
SIGHUP: [libjvm.so+0x81e360], sa_mask[0]=0x7ffbfeff, sa_flags=0x10000004
SIGINT: [libjvm.so+0x81e360], sa_mask[0]=0x7ffbfeff, sa_flags=0x10000004
SIGTERM: [libjvm.so+0x81e360], sa_mask[0]=0x7ffbfeff, sa_flags=0x10000004
SIGQUIT: [libjvm.so+0x81e360], sa_mask[0]=0x7ffbfeff, sa_flags=0x10000004


---------------  S Y S T E M  ---------------

OS:jessie/sid

uname:Linux 3.13.0-53-generic #89-Ubuntu SMP Wed May 20 10:34:39 UTC 2015 x86_64
libc:glibc 2.19 NPTL 2.19 
rlimit: STACK 8192k, CORE 0k, NPROC 38578, NOFILE 4096, AS infinity
load average:13.26 7.00 3.40

/proc/meminfo:
MemTotal:        4967844 kB
MemFree:          111224 kB
Buffers:             140 kB
Cached:           440624 kB
SwapCached:            0 kB
Active:          4215368 kB
Inactive:         435436 kB
Active(anon):    4214320 kB
Inactive(anon):   422568 kB
Active(file):       1048 kB
Inactive(file):    12868 kB
Unevictable:          32 kB
Mlocked:              32 kB
SwapTotal:             0 kB
SwapFree:              0 kB
Dirty:                 0 kB
Writeback:             0 kB
AnonPages:       4210524 kB
Mapped:           106460 kB
Shmem:            426152 kB
Slab:              88564 kB
SReclaimable:      35548 kB
SUnreclaim:        53016 kB
KernelStack:        6024 kB
PageTables:        43520 kB
NFS_Unstable:          0 kB
Bounce:                0 kB
WritebackTmp:          0 kB
CommitLimit:     2483920 kB
Committed_AS:    9443736 kB
VmallocTotal:   34359738367 kB
VmallocUsed:      355012 kB
VmallocChunk:   34359377020 kB
HardwareCorrupted:     0 kB
AnonHugePages:   1415168 kB
HugePages_Total:       0
HugePages_Free:        0
HugePages_Rsvd:        0
HugePages_Surp:        0
Hugepagesize:       2048 kB
DirectMap4k:       84248 kB
DirectMap2M:     5046272 kB


CPU:total 4 (2 cores per cpu, 2 threads per core) family 6 model 58 stepping 9, cmov, cx8, fxsr, mmx, sse, sse2, sse3, ssse3, sse4.1, sse4.2, popcnt, avx, aes, erms, ht, tsc, tscinvbit, tscinv

/proc/cpuinfo:
processor	: 0
vendor_id	: GenuineIntel
cpu family	: 6
model		: 58
model name	: Intel(R) Core(TM) i5-3337U CPU @ 1.80GHz
stepping	: 9
microcode	: 0x15
cpu MHz		: 1800.000
cache size	: 3072 KB
physical id	: 0
siblings	: 4
core id		: 0
cpu cores	: 2
apicid		: 0
initial apicid	: 0
fpu		: yes
fpu_exception	: yes
cpuid level	: 13
wp		: yes
flags		: fpu vme de pse tsc msr pae mce cx8 apic sep mtrr pge mca cmov pat pse36 clflush dts acpi mmx fxsr sse sse2 ss ht tm pbe syscall nx rdtscp lm constant_tsc arch_perfmon pebs bts rep_good nopl xtopology nonstop_tsc aperfmperf eagerfpu pni pclmulqdq dtes64 monitor ds_cpl vmx est tm2 ssse3 cx16 xtpr pdcm pcid sse4_1 sse4_2 x2apic popcnt tsc_deadline_timer aes xsave avx f16c rdrand lahf_lm arat epb xsaveopt pln pts dtherm tpr_shadow vnmi flexpriority ept vpid fsgsbase smep erms
bogomips	: 3591.82
clflush size	: 64
cache_alignment	: 64
address sizes	: 36 bits physical, 48 bits virtual
power management:

processor	: 1
vendor_id	: GenuineIntel
cpu family	: 6
model		: 58
model name	: Intel(R) Core(TM) i5-3337U CPU @ 1.80GHz
stepping	: 9
microcode	: 0x15
cpu MHz		: 1800.000
cache size	: 3072 KB
physical id	: 0
siblings	: 4
core id		: 1
cpu cores	: 2
apicid		: 2
initial apicid	: 2
fpu		: yes
fpu_exception	: yes
cpuid level	: 13
wp		: yes
flags		: fpu vme de pse tsc msr pae mce cx8 apic sep mtrr pge mca cmov pat pse36 clflush dts acpi mmx fxsr sse sse2 ss ht tm pbe syscall nx rdtscp lm constant_tsc arch_perfmon pebs bts rep_good nopl xtopology nonstop_tsc aperfmperf eagerfpu pni pclmulqdq dtes64 monitor ds_cpl vmx est tm2 ssse3 cx16 xtpr pdcm pcid sse4_1 sse4_2 x2apic popcnt tsc_deadline_timer aes xsave avx f16c rdrand lahf_lm arat epb xsaveopt pln pts dtherm tpr_shadow vnmi flexpriority ept vpid fsgsbase smep erms
bogomips	: 3591.82
clflush size	: 64
cache_alignment	: 64
address sizes	: 36 bits physical, 48 bits virtual
power management:

processor	: 2
vendor_id	: GenuineIntel
cpu family	: 6
model		: 58
model name	: Intel(R) Core(TM) i5-3337U CPU @ 1.80GHz
stepping	: 9
microcode	: 0x15
cpu MHz		: 1800.000
cache size	: 3072 KB
physical id	: 0
siblings	: 4
core id		: 0
cpu cores	: 2
apicid		: 1
initial apicid	: 1
fpu		: yes
fpu_exception	: yes
cpuid level	: 13
wp		: yes
flags		: fpu vme de pse tsc msr pae mce cx8 apic sep mtrr pge mca cmov pat pse36 clflush dts acpi mmx fxsr sse sse2 ss ht tm pbe syscall nx rdtscp lm constant_tsc arch_perfmon pebs bts rep_good nopl xtopology nonstop_tsc aperfmperf eagerfpu pni pclmulqdq dtes64 monitor ds_cpl vmx est tm2 ssse3 cx16 xtpr pdcm pcid sse4_1 sse4_2 x2apic popcnt tsc_deadline_timer aes xsave avx f16c rdrand lahf_lm arat epb xsaveopt pln pts dtherm tpr_shadow vnmi flexpriority ept vpid fsgsbase smep erms
bogomips	: 3591.82
clflush size	: 64
cache_alignment	: 64
address sizes	: 36 bits physical, 48 bits virtual
power management:

processor	: 3
vendor_id	: GenuineIntel
cpu family	: 6
model		: 58
model name	: Intel(R) Core(TM) i5-3337U CPU @ 1.80GHz
stepping	: 9
microcode	: 0x15
cpu MHz		: 1800.000
cache size	: 3072 KB
physical id	: 0
siblings	: 4
core id		: 1
cpu cores	: 2
apicid		: 3
initial apicid	: 3
fpu		: yes
fpu_exception	: yes
cpuid level	: 13
wp		: yes
flags		: fpu vme de pse tsc msr pae mce cx8 apic sep mtrr pge mca cmov pat pse36 clflush dts acpi mmx fxsr sse sse2 ss ht tm pbe syscall nx rdtscp lm constant_tsc arch_perfmon pebs bts rep_good nopl xtopology nonstop_tsc aperfmperf eagerfpu pni pclmulqdq dtes64 monitor ds_cpl vmx est tm2 ssse3 cx16 xtpr pdcm pcid sse4_1 sse4_2 x2apic popcnt tsc_deadline_timer aes xsave avx f16c rdrand lahf_lm arat epb xsaveopt pln pts dtherm tpr_shadow vnmi flexpriority ept vpid fsgsbase smep erms
bogomips	: 3591.82
clflush size	: 64
cache_alignment	: 64
address sizes	: 36 bits physical, 48 bits virtual
power management:



Memory: 4k page, physical 4967844k(108000k free), swap 0k(0k free)

vm_info: Java HotSpot(TM) 64-Bit Server VM (24.75-b04) for linux-amd64 JRE (1.7.0_75-b13), built on Dec 18 2014 16:45:18 by "java_re" with gcc 4.3.0 20080428 (Red Hat 4.3.0-8)

time: Tue Jun  2 01:28:45 2015
elapsed time: 20 seconds

