#
# There is insufficient memory for the Java Runtime Environment to continue.
# Native memory allocation (malloc) failed to allocate 63963136 bytes for committing reserved memory.
# Possible reasons:
#   The system is out of physical RAM or swap space
#   In 32 bit mode, the process size limit was hit
# Possible solutions:
#   Reduce memory load on the system
#   Increase physical memory or swap space
#   Check if swap backing store is full
#   Use 64 bit Java on a 64 bit OS
#   Decrease Java heap size (-Xmx/-Xms)
#   Decrease number of Java threads
#   Decrease Java thread stack sizes (-Xss)
#   Set larger code cache with -XX:ReservedCodeCacheSize=
# This output file may be truncated or incomplete.
#
#  Out of Memory Error (os_linux.cpp:2756), pid=15800, tid=140236933314304
#
# JRE version: Java(TM) SE Runtime Environment (7.0_75-b13) (build 1.7.0_75-b13)
# Java VM: Java HotSpot(TM) 64-Bit Server VM (24.75-b04 mixed mode linux-amd64 compressed oops)
# Failed to write core dump. Core dumps have been disabled. To enable core dumping, try "ulimit -c unlimited" before starting Java again
#

---------------  T H R E A D  ---------------

Current thread (0x00007f8b70069800):  VMThread [stack: 0x00007f8b74883000,0x00007f8b74984000] [id=15809]

Stack: [0x00007f8b74883000,0x00007f8b74984000],  sp=0x00007f8b74982140,  free space=1020k
Native frames: (J=compiled Java code, j=interpreted, Vv=VM code, C=native code)
V  [libjvm.so+0x9a18da]  VMError::report_and_die()+0x2ea
V  [libjvm.so+0x4975ab]  report_vm_out_of_memory(char const*, int, unsigned long, char const*)+0x9b
V  [libjvm.so+0x81ebae]  os::Linux::commit_memory_impl(char*, unsigned long, bool)+0xfe
V  [libjvm.so+0x81f0f9]  os::pd_commit_memory(char*, unsigned long, unsigned long, bool)+0x29
V  [libjvm.so+0x818e8a]  os::commit_memory(char*, unsigned long, unsigned long, bool)+0x2a
V  [libjvm.so+0x88bfb3]  PSVirtualSpace::expand_by(unsigned long)+0x53
V  [libjvm.so+0x88d388]  PSYoungGen::resize_generation(unsigned long, unsigned long)+0xf8
V  [libjvm.so+0x88c4f2]  PSYoungGen::resize(unsigned long, unsigned long)+0x22
V  [libjvm.so+0x889943]  PSScavenge::invoke_no_policy()+0xfb3
V  [libjvm.so+0x88a0f1]  PSScavenge::invoke()+0x41
V  [libjvm.so+0x840a90]  ParallelScavengeHeap::failed_mem_allocate(unsigned long)+0x70
V  [libjvm.so+0x9a3167]  VM_ParallelGCFailedAllocation::doit()+0x97
V  [libjvm.so+0x9aa605]  VM_Operation::evaluate()+0x55
V  [libjvm.so+0x9a89ca]  VMThread::evaluate_operation(VM_Operation*)+0xba
V  [libjvm.so+0x9a8d4e]  VMThread::loop()+0x1ce
V  [libjvm.so+0x9a91c0]  VMThread::run()+0x70
V  [libjvm.so+0x820b88]  java_start(Thread*)+0x108

VM_Operation (0x00007f8b7941d0d0): ParallelGCFailedAllocation, mode: safepoint, requested by thread 0x00007f8b7000a000


---------------  P R O C E S S  ---------------

Java Threads: ( => current thread )
  0x00007f8b70098800 JavaThread "Service Thread" daemon [_thread_blocked, id=15815, stack(0x00007f8b7427d000,0x00007f8b7437e000)]
  0x00007f8b70096000 JavaThread "C2 CompilerThread1" daemon [_thread_blocked, id=15814, stack(0x00007f8b7437e000,0x00007f8b7447f000)]
  0x00007f8b70093000 JavaThread "C2 CompilerThread0" daemon [_thread_blocked, id=15813, stack(0x00007f8b7447f000,0x00007f8b74580000)]
  0x00007f8b70091000 JavaThread "Signal Dispatcher" daemon [_thread_blocked, id=15812, stack(0x00007f8b74580000,0x00007f8b74681000)]
  0x00007f8b70070000 JavaThread "Finalizer" daemon [_thread_blocked, id=15811, stack(0x00007f8b74681000,0x00007f8b74782000)]
  0x00007f8b7006e000 JavaThread "Reference Handler" daemon [_thread_blocked, id=15810, stack(0x00007f8b74782000,0x00007f8b74883000)]
  0x00007f8b7000a000 JavaThread "main" [_thread_blocked, id=15802, stack(0x00007f8b7931e000,0x00007f8b7941f000)]

Other Threads:
=>0x00007f8b70069800 VMThread [stack: 0x00007f8b74883000,0x00007f8b74984000] [id=15809]
  0x00007f8b700a3000 WatcherThread [stack: 0x00007f8b7417c000,0x00007f8b7427d000] [id=15816]

VM state:at safepoint (normal execution)

VM Mutex/Monitor currently owned by a thread:  ([mutex/lock_event])
[0x00007f8b70006430] Threads_lock - owner thread: 0x00007f8b70069800
[0x00007f8b70006930] Heap_lock - owner thread: 0x00007f8b7000a000

Heap
 PSYoungGen      total 184320K, used 46567K [0x00000000eaa80000, 0x00000000fa000000, 0x0000000100000000)
  eden space 137728K, 0% used [0x00000000eaa80000,0x00000000eaa80000,0x00000000f3100000)
  from space 46592K, 99% used [0x00000000f7280000,0x00000000f9ff9e30,0x00000000fa000000)
  to   space 38400K, 0% used [0x00000000f3100000,0x00000000f3100000,0x00000000f5680000)
 ParOldGen       total 134144K, used 92686K [0x00000000c0000000, 0x00000000c8300000, 0x00000000eaa80000)
  object space 134144K, 69% used [0x00000000c0000000,0x00000000c5a83ab8,0x00000000c8300000)
 PSPermGen       total 21504K, used 5735K [0x00000000bae00000, 0x00000000bc300000, 0x00000000c0000000)
  object space 21504K, 26% used [0x00000000bae00000,0x00000000bb399c28,0x00000000bc300000)

Card table byte_map: [0x00007f8b763e7000,0x00007f8b76611000] byte_map_base: 0x00007f8b75e10000

Polling page: 0x00007f8b79444000

Code Cache  [0x00007f8b6d000000, 0x00007f8b6d300000, 0x00007f8b70000000)
 total_blobs=970 nmethods=743 adapters=180 free_code_cache=46253Kb largest_free_block=47227840

Compilation events (10 events):
Event: 28.047 Thread 0x00007f8b70096000 nmethod 783 0x00007f8b6d2e3250 code [0x00007f8b6d2e3380, 0x00007f8b6d2e33d8]
Event: 28.047 Thread 0x00007f8b70096000  784             com.android.dx.ssa.back.FirstFitLocalCombiningAllocator$1::processInsn (169 bytes)
Event: 28.052 Thread 0x00007f8b70093000 nmethod 777 0x00007f8b6d25c690 code [0x00007f8b6d25c820, 0x00007f8b6d25cb28]
Event: 28.052 Thread 0x00007f8b70093000  785             com.android.dx.rop.type.Prototype::withFirstParameter (68 bytes)
Event: 28.106 Thread 0x00007f8b70096000 nmethod 784 0x00007f8b6d2388d0 code [0x00007f8b6d238ba0, 0x00007f8b6d239b50]
Event: 28.106 Thread 0x00007f8b70096000  786             com.android.dx.rop.code.RegisterSpecSet::intersect (117 bytes)
Event: 28.127 Thread 0x00007f8b70096000 nmethod 786 0x00007f8b6d2e2190 code [0x00007f8b6d2e2340, 0x00007f8b6d2e2b30]
Event: 28.162 Thread 0x00007f8b70093000 nmethod 785 0x00007f8b6d236450 code [0x00007f8b6d236640, 0x00007f8b6d2378c8]
Event: 28.166 Thread 0x00007f8b70096000  787             com.android.dx.dex.file.ValueEncoder::addContents (75 bytes)
Event: 28.249 Thread 0x00007f8b70096000 nmethod 787 0x00007f8b6d2c8290 code [0x00007f8b6d2c8520, 0x00007f8b6d2c9360]

GC Heap History (10 events):
Event: 17.917 GC heap after
Heap after GC invocations=6 (full 0):
 PSYoungGen      total 87040K, used 9202K [0x00000000eaa80000, 0x00000000f0e80000, 0x0000000100000000)
  eden space 77824K, 0% used [0x00000000eaa80000,0x00000000eaa80000,0x00000000ef680000)
  from space 9216K, 99% used [0x00000000f0180000,0x00000000f0a7c880,0x00000000f0a80000)
  to   space 11264K, 0% used [0x00000000ef680000,0x00000000ef680000,0x00000000f0180000)
 ParOldGen       total 51712K, used 18893K [0x00000000c0000000, 0x00000000c3280000, 0x00000000eaa80000)
  object space 51712K, 36% used [0x00000000c0000000,0x00000000c1273488,0x00000000c3280000)
 PSPermGen       total 21504K, used 5630K [0x00000000bae00000, 0x00000000bc300000, 0x00000000c0000000)
  object space 21504K, 26% used [0x00000000bae00000,0x00000000bb37f920,0x00000000bc300000)
}
Event: 20.318 GC heap before
{Heap before GC invocations=7 (full 0):
 PSYoungGen      total 87040K, used 87026K [0x00000000eaa80000, 0x00000000f0e80000, 0x0000000100000000)
  eden space 77824K, 100% used [0x00000000eaa80000,0x00000000ef680000,0x00000000ef680000)
  from space 9216K, 99% used [0x00000000f0180000,0x00000000f0a7c880,0x00000000f0a80000)
  to   space 11264K, 0% used [0x00000000ef680000,0x00000000ef680000,0x00000000f0180000)
 ParOldGen       total 51712K, used 18893K [0x00000000c0000000, 0x00000000c3280000, 0x00000000eaa80000)
  object space 51712K, 36% used [0x00000000c0000000,0x00000000c1273488,0x00000000c3280000)
 PSPermGen       total 21504K, used 5635K [0x00000000bae00000, 0x00000000bc300000, 0x00000000c0000000)
  object space 21504K, 26% used [0x00000000bae00000,0x00000000bb380ea0,0x00000000bc300000)
Event: 20.510 GC heap after
Heap after GC invocations=7 (full 0):
 PSYoungGen      total 89088K, used 11245K [0x00000000eaa80000, 0x00000000f8f80000, 0x0000000100000000)
  eden space 77824K, 0% used [0x00000000eaa80000,0x00000000eaa80000,0x00000000ef680000)
  from space 11264K, 99% used [0x00000000ef680000,0x00000000f017b470,0x00000000f0180000)
  to   space 39424K, 0% used [0x00000000f6900000,0x00000000f6900000,0x00000000f8f80000)
 ParOldGen       total 73216K, used 72881K [0x00000000c0000000, 0x00000000c4780000, 0x00000000eaa80000)
  object space 73216K, 99% used [0x00000000c0000000,0x00000000c472c5f0,0x00000000c4780000)
 PSPermGen       total 21504K, used 5635K [0x00000000bae00000, 0x00000000bc300000, 0x00000000c0000000)
  object space 21504K, 26% used [0x00000000bae00000,0x00000000bb380ea0,0x00000000bc300000)
}
Event: 20.510 GC heap before
{Heap before GC invocations=8 (full 1):
 PSYoungGen      total 89088K, used 11245K [0x00000000eaa80000, 0x00000000f8f80000, 0x0000000100000000)
  eden space 77824K, 0% used [0x00000000eaa80000,0x00000000eaa80000,0x00000000ef680000)
  from space 11264K, 99% used [0x00000000ef680000,0x00000000f017b470,0x00000000f0180000)
  to   space 39424K, 0% used [0x00000000f6900000,0x00000000f6900000,0x00000000f8f80000)
 ParOldGen       total 73216K, used 72881K [0x00000000c0000000, 0x00000000c4780000, 0x00000000eaa80000)
  object space 73216K, 99% used [0x00000000c0000000,0x00000000c472c5f0,0x00000000c4780000)
 PSPermGen       total 21504K, used 5635K [0x00000000bae00000, 0x00000000bc300000, 0x00000000c0000000)
  object space 21504K, 26% used [0x00000000bae00000,0x00000000bb380ea0,0x00000000bc300000)
Event: 21.285 GC heap after
Heap after GC invocations=8 (full 1):
 PSYoungGen      total 89088K, used 5569K [0x00000000eaa80000, 0x00000000f8f80000, 0x0000000100000000)
  eden space 77824K, 0% used [0x00000000eaa80000,0x00000000eaa80000,0x00000000ef680000)
  from space 11264K, 49% used [0x00000000ef680000,0x00000000efbf07d0,0x00000000f0180000)
  to   space 39424K, 0% used [0x00000000f6900000,0x00000000f6900000,0x00000000f8f80000)
 ParOldGen       total 134144K, used 72576K [0x00000000c0000000, 0x00000000c8300000, 0x00000000eaa80000)
  object space 134144K, 54% used [0x00000000c0000000,0x00000000c46e0258,0x00000000c8300000)
 PSPermGen       total 21504K, used 5630K [0x00000000bae00000, 0x00000000bc300000, 0x00000000c0000000)
  object space 21504K, 26% used [0x00000000bae00000,0x00000000bb37fbd8,0x00000000bc300000)
}
Event: 22.647 GC heap before
{Heap before GC invocations=9 (full 1):
 PSYoungGen      total 89088K, used 83393K [0x00000000eaa80000, 0x00000000f8f80000, 0x0000000100000000)
  eden space 77824K, 100% used [0x00000000eaa80000,0x00000000ef680000,0x00000000ef680000)
  from space 11264K, 49% used [0x00000000ef680000,0x00000000efbf07d0,0x00000000f0180000)
  to   space 39424K, 0% used [0x00000000f6900000,0x00000000f6900000,0x00000000f8f80000)
 ParOldGen       total 134144K, used 72576K [0x00000000c0000000, 0x00000000c8300000, 0x00000000eaa80000)
  object space 134144K, 54% used [0x00000000c0000000,0x00000000c46e0258,0x00000000c8300000)
 PSPermGen       total 21504K, used 5643K [0x00000000bae00000, 0x00000000bc300000, 0x00000000c0000000)
  object space 21504K, 26% used [0x00000000bae00000,0x00000000bb382c78,0x00000000bc300000)
Event: 22.776 GC heap after
Heap after GC invocations=9 (full 1):
 PSYoungGen      total 138752K, used 19255K [0x00000000eaa80000, 0x00000000f7c00000, 0x0000000100000000)
  eden space 119296K, 0% used [0x00000000eaa80000,0x00000000eaa80000,0x00000000f1f00000)
  from space 19456K, 98% used [0x00000000f6900000,0x00000000f7bcdf20,0x00000000f7c00000)
  to   space 38400K, 0% used [0x00000000f3100000,0x00000000f3100000,0x00000000f5680000)
 ParOldGen       total 134144K, used 72576K [0x00000000c0000000, 0x00000000c8300000, 0x00000000eaa80000)
  object space 134144K, 54% used [0x00000000c0000000,0x00000000c46e0258,0x00000000c8300000)
 PSPermGen       total 21504K, used 5643K [0x00000000bae00000, 0x00000000bc300000, 0x00000000c0000000)
  object space 21504K, 26% used [0x00000000bae00000,0x00000000bb382c78,0x00000000bc300000)
}
Event: 25.675 GC heap before
{Heap before GC invocations=10 (full 1):
 PSYoungGen      total 138752K, used 138551K [0x00000000eaa80000, 0x00000000f7c00000, 0x0000000100000000)
  eden space 119296K, 100% used [0x00000000eaa80000,0x00000000f1f00000,0x00000000f1f00000)
  from space 19456K, 98% used [0x00000000f6900000,0x00000000f7bcdf20,0x00000000f7c00000)
  to   space 38400K, 0% used [0x00000000f3100000,0x00000000f3100000,0x00000000f5680000)
 ParOldGen       total 134144K, used 72576K [0x00000000c0000000, 0x00000000c8300000, 0x00000000eaa80000)
  object space 134144K, 54% used [0x00000000c0000000,0x00000000c46e0258,0x00000000c8300000)
 PSPermGen       total 21504K, used 5681K [0x00000000bae00000, 0x00000000bc300000, 0x00000000c0000000)
  object space 21504K, 26% used [0x00000000bae00000,0x00000000bb38c500,0x00000000bc300000)
Event: 25.828 GC heap after
Heap after GC invocations=10 (full 1):
 PSYoungGen      total 176128K, used 38376K [0x00000000eaa80000, 0x00000000fa000000, 0x0000000100000000)
  eden space 137728K, 0% used [0x00000000eaa80000,0x00000000eaa80000,0x00000000f3100000)
  from space 38400K, 99% used [0x00000000f3100000,0x00000000f567a338,0x00000000f5680000)
  to   space 46592K, 0% used [0x00000000f7280000,0x00000000f7280000,0x00000000fa000000)
 ParOldGen       total 134144K, used 76288K [0x00000000c0000000, 0x00000000c8300000, 0x00000000eaa80000)
  object space 134144K, 56% used [0x00000000c0000000,0x00000000c4a800d0,0x00000000c8300000)
 PSPermGen       total 21504K, used 5681K [0x00000000bae00000, 0x00000000bc300000, 0x00000000c0000000)
  object space 21504K, 26% used [0x00000000bae00000,0x00000000bb38c500,0x00000000bc300000)
}
Event: 28.399 GC heap before
{Heap before GC invocations=11 (full 1):
 PSYoungGen      total 176128K, used 176104K [0x00000000eaa80000, 0x00000000fa000000, 0x0000000100000000)
  eden space 137728K, 100% used [0x00000000eaa80000,0x00000000f3100000,0x00000000f3100000)
  from space 38400K, 99% used [0x00000000f3100000,0x00000000f567a338,0x00000000f5680000)
  to   space 46592K, 0% used [0x00000000f7280000,0x00000000f7280000,0x00000000fa000000)
 ParOldGen       total 134144K, used 76288K [0x00000000c0000000, 0x00000000c8300000, 0x00000000eaa80000)
  object space 134144K, 56% used [0x00000000c0000000,0x00000000c4a800d0,0x00000000c8300000)
 PSPermGen       total 21504K, used 5735K [0x00000000bae00000, 0x00000000bc300000, 0x00000000c0000000)
  object space 21504K, 26% used [0x00000000bae00000,0x00000000bb399c28,0x00000000bc300000)

Deoptimization events (10 events):
Event: 27.503 Thread 0x00007f8b7000a000 Uncommon trap: reason=unreached action=reinterpret pc=0x00007f8b6d112f50 method=com.android.dx.rop.code.LocalItem.compareHandlesNulls(Lcom/android/dx/rop/cst/CstString;Lcom/android/dx/rop/cst/CstString;)I @ 14
Event: 27.504 Thread 0x00007f8b7000a000 Uncommon trap: reason=unreached action=reinterpret pc=0x00007f8b6d0f01e8 method=com.android.dx.rop.code.LocalItem.compareHandlesNulls(Lcom/android/dx/rop/cst/CstString;Lcom/android/dx/rop/cst/CstString;)I @ 8
Event: 27.504 Thread 0x00007f8b7000a000 Uncommon trap: reason=unreached action=reinterpret pc=0x00007f8b6d183a94 method=com.android.dx.rop.code.LocalItem.compareHandlesNulls(Lcom/android/dx/rop/cst/CstString;Lcom/android/dx/rop/cst/CstString;)I @ 8
Event: 27.504 Thread 0x00007f8b7000a000 Uncommon trap: reason=unreached action=reinterpret pc=0x00007f8b6d12b2a0 method=com.android.dx.rop.code.LocalItem.compareHandlesNulls(Lcom/android/dx/rop/cst/CstString;Lcom/android/dx/rop/cst/CstString;)I @ 8
Event: 27.504 Thread 0x00007f8b7000a000 Uncommon trap: reason=unreached action=reinterpret pc=0x00007f8b6d0cc610 method=com.android.dx.rop.code.LocalItem.compareHandlesNulls(Lcom/android/dx/rop/cst/CstString;Lcom/android/dx/rop/cst/CstString;)I @ 8
Event: 27.504 Thread 0x00007f8b7000a000 Uncommon trap: reason=unreached action=reinterpret pc=0x00007f8b6d17fbf0 method=com.android.dx.rop.code.LocalItem.compareHandlesNulls(Lcom/android/dx/rop/cst/CstString;Lcom/android/dx/rop/cst/CstString;)I @ 8
Event: 27.505 Thread 0x00007f8b7000a000 Uncommon trap: reason=unreached action=reinterpret pc=0x00007f8b6d1305cc method=com.android.dx.rop.code.LocalItem.compareHandlesNulls(Lcom/android/dx/rop/cst/CstString;Lcom/android/dx/rop/cst/CstString;)I @ 8
Event: 27.533 Thread 0x00007f8b7000a000 Uncommon trap: reason=bimorphic action=maybe_recompile pc=0x00007f8b6d2d0ba4 method=com.android.dx.cf.code.BytecodeArray.parseInstruction(ILcom/android/dx/cf/code/BytecodeArray$Visitor;)I @ 1003
Event: 27.533 Thread 0x00007f8b7000a000 Uncommon trap: reason=bimorphic action=maybe_recompile pc=0x00007f8b6d2d0ba4 method=com.android.dx.cf.code.BytecodeArray.parseInstruction(ILcom/android/dx/cf/code/BytecodeArray$Visitor;)I @ 1003
Event: 28.086 Thread 0x00007f8b7000a000 Uncommon trap: reason=class_check action=maybe_recompile pc=0x00007f8b6d2dd840 method=com.android.dx.rop.code.RegisterSpec.withSimpleType()Lcom/android/dx/rop/code/RegisterSpec; @ 21

Internal exceptions (10 events):
Event: 26.274 Thread 0x00007f8b7000a000 Threw 0x00000000eb1a9a10 at /HUDSON/workspace/7u-2-build-linux-amd64/jdk7u75/1940/hotspot/src/share/vm/prims/jvm.cpp:1281
Event: 26.312 Thread 0x00007f8b7000a000 Implicit null exception at 0x00007f8b6d29c678 to 0x00007f8b6d2a01fd
Event: 27.503 Thread 0x00007f8b7000a000 Implicit null exception at 0x00007f8b6d15b0b0 to 0x00007f8b6d15c281
Event: 27.503 Thread 0x00007f8b7000a000 Implicit null exception at 0x00007f8b6d112b11 to 0x00007f8b6d112f3d
Event: 27.504 Thread 0x00007f8b7000a000 Implicit null exception at 0x00007f8b6d0efff8 to 0x00007f8b6d0f01c5
Event: 27.504 Thread 0x00007f8b7000a000 Implicit null exception at 0x00007f8b6d182d55 to 0x00007f8b6d183a69
Event: 27.504 Thread 0x00007f8b7000a000 Implicit null exception at 0x00007f8b6d12b01b to 0x00007f8b6d12b28d
Event: 27.504 Thread 0x00007f8b7000a000 Implicit null exception at 0x00007f8b6d0cc3a7 to 0x00007f8b6d0cc5fd
Event: 27.504 Thread 0x00007f8b7000a000 Implicit null exception at 0x00007f8b6d17e61a to 0x00007f8b6d17fbe1
Event: 27.505 Thread 0x00007f8b7000a000 Implicit null exception at 0x00007f8b6d1304b8 to 0x00007f8b6d1305b9

Events (10 events):
Event: 27.533 Thread 0x00007f8b7000a000 Uncommon trap: trap_request=0xffffffc6 fr.pc=0x00007f8b6d2d0ba4
Event: 27.533 Thread 0x00007f8b7000a000 DEOPT PACKING pc=0x00007f8b6d2d0ba4 sp=0x00007f8b7941cd70
Event: 27.533 Thread 0x00007f8b7000a000 DEOPT UNPACKING pc=0x00007f8b6d039445 sp=0x00007f8b7941cd28 mode 2
Event: 28.020 Thread 0x00007f8b70096000 flushing nmethod 0x00007f8b6d2321d0
Event: 28.020 Thread 0x00007f8b70096000 flushing nmethod 0x00007f8b6d232450
Event: 28.020 Thread 0x00007f8b70096000 flushing nmethod 0x00007f8b6d2436d0
Event: 28.082 Thread 0x00007f8b7000a000 Uncommon trap: trap_request=0xffffffde fr.pc=0x00007f8b6d2dd840
Event: 28.086 Thread 0x00007f8b7000a000 DEOPT PACKING pc=0x00007f8b6d2dd840 sp=0x00007f8b7941ce80
Event: 28.086 Thread 0x00007f8b7000a000 DEOPT UNPACKING pc=0x00007f8b6d039445 sp=0x00007f8b7941cd98 mode 2
Event: 28.312 Executing VM operation: ParallelGCFailedAllocation


Dynamic libraries:
00400000-00401000 r-xp 00000000 08:12 1216900                            /opt/jdk1.7.0_75/bin/java
00600000-00601000 rw-p 00000000 08:12 1216900                            /opt/jdk1.7.0_75/bin/java
025c8000-025e9000 rw-p 00000000 00:00 0                                  [heap]
bae00000-bc300000 rw-p 00000000 00:00 0 
bc300000-c0000000 rw-p 00000000 00:00 0 
c0000000-c8300000 rw-p 00000000 00:00 0 
c8300000-eaa80000 rw-p 00000000 00:00 0 
eaa80000-fa000000 rw-p 00000000 00:00 0 
fdd00000-100000000 rw-p 00000000 00:00 0 
7f8b30000000-7f8b30021000 rw-p 00000000 00:00 0 
7f8b30021000-7f8b34000000 ---p 00000000 00:00 0 
7f8b38000000-7f8b38ea9000 rw-p 00000000 00:00 0 
7f8b38ea9000-7f8b3c000000 ---p 00000000 00:00 0 
7f8b3c000000-7f8b3c021000 rw-p 00000000 00:00 0 
7f8b3c021000-7f8b40000000 ---p 00000000 00:00 0 
7f8b40000000-7f8b40021000 rw-p 00000000 00:00 0 
7f8b40021000-7f8b44000000 ---p 00000000 00:00 0 
7f8b44000000-7f8b44e78000 rw-p 00000000 00:00 0 
7f8b44e78000-7f8b48000000 ---p 00000000 00:00 0 
7f8b48000000-7f8b48021000 rw-p 00000000 00:00 0 
7f8b48021000-7f8b4c000000 ---p 00000000 00:00 0 
7f8b4c000000-7f8b4c021000 rw-p 00000000 00:00 0 
7f8b4c021000-7f8b50000000 ---p 00000000 00:00 0 
7f8b50000000-7f8b50021000 rw-p 00000000 00:00 0 
7f8b50021000-7f8b54000000 ---p 00000000 00:00 0 
7f8b54000000-7f8b5424f000 rw-p 00000000 00:00 0 
7f8b5424f000-7f8b58000000 ---p 00000000 00:00 0 
7f8b58000000-7f8b58021000 rw-p 00000000 00:00 0 
7f8b58021000-7f8b5c000000 ---p 00000000 00:00 0 
7f8b60000000-7f8b60021000 rw-p 00000000 00:00 0 
7f8b60021000-7f8b64000000 ---p 00000000 00:00 0 
7f8b65d70000-7f8b68000000 rw-p 00000000 00:00 0 
7f8b68000000-7f8b68021000 rw-p 00000000 00:00 0 
7f8b68021000-7f8b6c000000 ---p 00000000 00:00 0 
7f8b6c4f6000-7f8b6c50c000 r-xp 00000000 08:12 1217403                    /opt/jdk1.7.0_75/jre/lib/amd64/libnet.so
7f8b6c50c000-7f8b6c70c000 ---p 00016000 08:12 1217403                    /opt/jdk1.7.0_75/jre/lib/amd64/libnet.so
7f8b6c70c000-7f8b6c70d000 rw-p 00016000 08:12 1217403                    /opt/jdk1.7.0_75/jre/lib/amd64/libnet.so
7f8b6c70d000-7f8b6c71d000 r-xp 00000000 08:12 1217475                    /opt/jdk1.7.0_75/jre/lib/amd64/libnio.so
7f8b6c71d000-7f8b6c91d000 ---p 00010000 08:12 1217475                    /opt/jdk1.7.0_75/jre/lib/amd64/libnio.so
7f8b6c91d000-7f8b6c91e000 rw-p 00010000 08:12 1217475                    /opt/jdk1.7.0_75/jre/lib/amd64/libnio.so
7f8b6c91e000-7f8b6d000000 r--p 00000000 08:12 662290                     /usr/lib/locale/locale-archive
7f8b6d000000-7f8b6d300000 rwxp 00000000 00:00 0 
7f8b6d300000-7f8b701d3000 rw-p 00000000 00:00 0 
7f8b701d3000-7f8b74000000 ---p 00000000 00:00 0 
7f8b74128000-7f8b74159000 rw-p 00000000 00:00 0 
7f8b74159000-7f8b7417c000 r--s 00193000 00:19 1218036                    /home/xhaa/.gradle/caches/modules-2/files-2.1/com.google.guava/guava-jdk5/13.0/381ae6c8add7c98e9bcddb1e0b898400cd6fc3f7/guava-jdk5-13.0.jar
7f8b7417c000-7f8b7417d000 ---p 00000000 00:00 0 
7f8b7417d000-7f8b7427d000 rw-p 00000000 00:00 0                          [stack:15816]
7f8b7427d000-7f8b74280000 ---p 00000000 00:00 0 
7f8b74280000-7f8b7437e000 rw-p 00000000 00:00 0                          [stack:15815]
7f8b7437e000-7f8b74381000 ---p 00000000 00:00 0 
7f8b74381000-7f8b7447f000 rw-p 00000000 00:00 0                          [stack:15814]
7f8b7447f000-7f8b74482000 ---p 00000000 00:00 0 
7f8b74482000-7f8b74580000 rw-p 00000000 00:00 0                          [stack:15813]
7f8b74580000-7f8b74583000 ---p 00000000 00:00 0 
7f8b74583000-7f8b74681000 rw-p 00000000 00:00 0                          [stack:15812]
7f8b74681000-7f8b74684000 ---p 00000000 00:00 0 
7f8b74684000-7f8b74782000 rw-p 00000000 00:00 0                          [stack:15811]
7f8b74782000-7f8b74785000 ---p 00000000 00:00 0 
7f8b74785000-7f8b74883000 rw-p 00000000 00:00 0                          [stack:15810]
7f8b74883000-7f8b74884000 ---p 00000000 00:00 0 
7f8b74884000-7f8b75983000 rw-p 00000000 00:00 0                          [stack:15809]
7f8b75983000-7f8b75b42000 r--s 039eb000 08:12 1217160                    /opt/jdk1.7.0_75/jre/lib/rt.jar
7f8b75b42000-7f8b75e64000 rw-p 00000000 00:00 0 
7f8b75e64000-7f8b75e65000 ---p 00000000 00:00 0 
7f8b75e65000-7f8b75f65000 rw-p 00000000 00:00 0                          [stack:15808]
7f8b75f65000-7f8b75f66000 ---p 00000000 00:00 0 
7f8b75f66000-7f8b76066000 rw-p 00000000 00:00 0                          [stack:15807]
7f8b76066000-7f8b76067000 ---p 00000000 00:00 0 
7f8b76067000-7f8b76167000 rw-p 00000000 00:00 0                          [stack:15805]
7f8b76167000-7f8b76168000 ---p 00000000 00:00 0 
7f8b76168000-7f8b76273000 rw-p 00000000 00:00 0                          [stack:15804]
7f8b76273000-7f8b76291000 rw-p 00000000 00:00 0 
7f8b76291000-7f8b762d3000 rw-p 00000000 00:00 0 
7f8b762d3000-7f8b763e7000 rw-p 00000000 00:00 0 
7f8b763e7000-7f8b763f2000 rw-p 00000000 00:00 0 
7f8b763f2000-7f8b76410000 rw-p 00000000 00:00 0 
7f8b76410000-7f8b76452000 rw-p 00000000 00:00 0 
7f8b76452000-7f8b76565000 rw-p 00000000 00:00 0 
7f8b76565000-7f8b765e0000 rw-p 00000000 00:00 0 
7f8b765e0000-7f8b76610000 rw-p 00000000 00:00 0 
7f8b76610000-7f8b76611000 rw-p 00000000 00:00 0 
7f8b76611000-7f8b7662b000 r-xp 00000000 08:12 1217423                    /opt/jdk1.7.0_75/jre/lib/amd64/libzip.so
7f8b7662b000-7f8b7682b000 ---p 0001a000 08:12 1217423                    /opt/jdk1.7.0_75/jre/lib/amd64/libzip.so
7f8b7682b000-7f8b7682c000 rw-p 0001a000 08:12 1217423                    /opt/jdk1.7.0_75/jre/lib/amd64/libzip.so
7f8b7682c000-7f8b76837000 r-xp 00000000 08:12 1308351                    /lib/x86_64-linux-gnu/libnss_files-2.19.so
7f8b76837000-7f8b76a36000 ---p 0000b000 08:12 1308351                    /lib/x86_64-linux-gnu/libnss_files-2.19.so
7f8b76a36000-7f8b76a37000 r--p 0000a000 08:12 1308351                    /lib/x86_64-linux-gnu/libnss_files-2.19.so
7f8b76a37000-7f8b76a38000 rw-p 0000b000 08:12 1308351                    /lib/x86_64-linux-gnu/libnss_files-2.19.so
7f8b76a38000-7f8b76a43000 r-xp 00000000 08:12 1308389                    /lib/x86_64-linux-gnu/libnss_nis-2.19.so
7f8b76a43000-7f8b76c42000 ---p 0000b000 08:12 1308389                    /lib/x86_64-linux-gnu/libnss_nis-2.19.so
7f8b76c42000-7f8b76c43000 r--p 0000a000 08:12 1308389                    /lib/x86_64-linux-gnu/libnss_nis-2.19.so
7f8b76c43000-7f8b76c44000 rw-p 0000b000 08:12 1308389                    /lib/x86_64-linux-gnu/libnss_nis-2.19.so
7f8b76c44000-7f8b76c5b000 r-xp 00000000 08:12 1308369                    /lib/x86_64-linux-gnu/libnsl-2.19.so
7f8b76c5b000-7f8b76e5a000 ---p 00017000 08:12 1308369                    /lib/x86_64-linux-gnu/libnsl-2.19.so
7f8b76e5a000-7f8b76e5b000 r--p 00016000 08:12 1308369                    /lib/x86_64-linux-gnu/libnsl-2.19.so
7f8b76e5b000-7f8b76e5c000 rw-p 00017000 08:12 1308369                    /lib/x86_64-linux-gnu/libnsl-2.19.so
7f8b76e5c000-7f8b76e5e000 rw-p 00000000 00:00 0 
7f8b76e5e000-7f8b76e67000 r-xp 00000000 08:12 1308367                    /lib/x86_64-linux-gnu/libnss_compat-2.19.so
7f8b76e67000-7f8b77066000 ---p 00009000 08:12 1308367                    /lib/x86_64-linux-gnu/libnss_compat-2.19.so
7f8b77066000-7f8b77067000 r--p 00008000 08:12 1308367                    /lib/x86_64-linux-gnu/libnss_compat-2.19.so
7f8b77067000-7f8b77068000 rw-p 00009000 08:12 1308367                    /lib/x86_64-linux-gnu/libnss_compat-2.19.so
7f8b77068000-7f8b77091000 r-xp 00000000 08:12 1217473                    /opt/jdk1.7.0_75/jre/lib/amd64/libjava.so
7f8b77091000-7f8b77291000 ---p 00029000 08:12 1217473                    /opt/jdk1.7.0_75/jre/lib/amd64/libjava.so
7f8b77291000-7f8b77293000 rw-p 00029000 08:12 1217473                    /opt/jdk1.7.0_75/jre/lib/amd64/libjava.so
7f8b77293000-7f8b772a0000 r-xp 00000000 08:12 1217465                    /opt/jdk1.7.0_75/jre/lib/amd64/libverify.so
7f8b772a0000-7f8b7749f000 ---p 0000d000 08:12 1217465                    /opt/jdk1.7.0_75/jre/lib/amd64/libverify.so
7f8b7749f000-7f8b774a1000 rw-p 0000c000 08:12 1217465                    /opt/jdk1.7.0_75/jre/lib/amd64/libverify.so
7f8b774a1000-7f8b774a8000 r-xp 00000000 08:12 1308385                    /lib/x86_64-linux-gnu/librt-2.19.so
7f8b774a8000-7f8b776a7000 ---p 00007000 08:12 1308385                    /lib/x86_64-linux-gnu/librt-2.19.so
7f8b776a7000-7f8b776a8000 r--p 00006000 08:12 1308385                    /lib/x86_64-linux-gnu/librt-2.19.so
7f8b776a8000-7f8b776a9000 rw-p 00007000 08:12 1308385                    /lib/x86_64-linux-gnu/librt-2.19.so
7f8b776a9000-7f8b777ae000 r-xp 00000000 08:12 1308349                    /lib/x86_64-linux-gnu/libm-2.19.so
7f8b777ae000-7f8b779ad000 ---p 00105000 08:12 1308349                    /lib/x86_64-linux-gnu/libm-2.19.so
7f8b779ad000-7f8b779ae000 r--p 00104000 08:12 1308349                    /lib/x86_64-linux-gnu/libm-2.19.so
7f8b779ae000-7f8b779af000 rw-p 00105000 08:12 1308349                    /lib/x86_64-linux-gnu/libm-2.19.so
7f8b779af000-7f8b78522000 r-xp 00000000 08:12 1217433                    /opt/jdk1.7.0_75/jre/lib/amd64/server/libjvm.so
7f8b78522000-7f8b78722000 ---p 00b73000 08:12 1217433                    /opt/jdk1.7.0_75/jre/lib/amd64/server/libjvm.so
7f8b78722000-7f8b787e6000 rw-p 00b73000 08:12 1217433                    /opt/jdk1.7.0_75/jre/lib/amd64/server/libjvm.so
7f8b787e6000-7f8b78827000 rw-p 00000000 00:00 0 
7f8b78827000-7f8b789e2000 r-xp 00000000 08:12 1308379                    /lib/x86_64-linux-gnu/libc-2.19.so
7f8b789e2000-7f8b78be1000 ---p 001bb000 08:12 1308379                    /lib/x86_64-linux-gnu/libc-2.19.so
7f8b78be1000-7f8b78be5000 r--p 001ba000 08:12 1308379                    /lib/x86_64-linux-gnu/libc-2.19.so
7f8b78be5000-7f8b78be7000 rw-p 001be000 08:12 1308379                    /lib/x86_64-linux-gnu/libc-2.19.so
7f8b78be7000-7f8b78bec000 rw-p 00000000 00:00 0 
7f8b78bec000-7f8b78bef000 r-xp 00000000 08:12 1308357                    /lib/x86_64-linux-gnu/libdl-2.19.so
7f8b78bef000-7f8b78dee000 ---p 00003000 08:12 1308357                    /lib/x86_64-linux-gnu/libdl-2.19.so
7f8b78dee000-7f8b78def000 r--p 00002000 08:12 1308357                    /lib/x86_64-linux-gnu/libdl-2.19.so
7f8b78def000-7f8b78df0000 rw-p 00003000 08:12 1308357                    /lib/x86_64-linux-gnu/libdl-2.19.so
7f8b78df0000-7f8b78e06000 r-xp 00000000 08:12 1207385                    /opt/jdk1.7.0_75/lib/amd64/jli/libjli.so
7f8b78e06000-7f8b79006000 ---p 00016000 08:12 1207385                    /opt/jdk1.7.0_75/lib/amd64/jli/libjli.so
7f8b79006000-7f8b79007000 rw-p 00016000 08:12 1207385                    /opt/jdk1.7.0_75/lib/amd64/jli/libjli.so
7f8b79007000-7f8b79020000 r-xp 00000000 08:12 1308381                    /lib/x86_64-linux-gnu/libpthread-2.19.so
7f8b79020000-7f8b7921f000 ---p 00019000 08:12 1308381                    /lib/x86_64-linux-gnu/libpthread-2.19.so
7f8b7921f000-7f8b79220000 r--p 00018000 08:12 1308381                    /lib/x86_64-linux-gnu/libpthread-2.19.so
7f8b79220000-7f8b79221000 rw-p 00019000 08:12 1308381                    /lib/x86_64-linux-gnu/libpthread-2.19.so
7f8b79221000-7f8b79225000 rw-p 00000000 00:00 0 
7f8b79225000-7f8b79248000 r-xp 00000000 08:12 1308373                    /lib/x86_64-linux-gnu/ld-2.19.so
7f8b7924f000-7f8b7925e000 r--s 000dd000 00:19 1462766                    /home/xhaa/Android/Sdk/build-tools/21.1.2/lib/dx.jar
7f8b7925e000-7f8b7926a000 rw-p 00000000 00:00 0 
7f8b7926a000-7f8b7931e000 rw-p 00000000 00:00 0 
7f8b7931e000-7f8b79321000 ---p 00000000 00:00 0 
7f8b79321000-7f8b79423000 rw-p 00000000 00:00 0                          [stack:15802]
7f8b79424000-7f8b7943b000 rw-p 00000000 00:00 0 
7f8b7943b000-7f8b79443000 rw-s 00000000 08:12 523431                     /tmp/hsperfdata_xhaa/15800
7f8b79443000-7f8b79444000 rw-p 00000000 00:00 0 
7f8b79444000-7f8b79445000 ---p 00000000 00:00 0 
7f8b79445000-7f8b79447000 rw-p 00000000 00:00 0 
7f8b79447000-7f8b79448000 r--p 00022000 08:12 1308373                    /lib/x86_64-linux-gnu/ld-2.19.so
7f8b79448000-7f8b79449000 rw-p 00023000 08:12 1308373                    /lib/x86_64-linux-gnu/ld-2.19.so
7f8b79449000-7f8b7944a000 rw-p 00000000 00:00 0 
7ffd8409e000-7ffd840bf000 rw-p 00000000 00:00 0                          [stack]
7ffd8418c000-7ffd8418e000 r-xp 00000000 00:00 0                          [vdso]
ffffffffff600000-ffffffffff601000 r-xp 00000000 00:00 0                  [vsyscall]

VM Arguments:
jvm_args: -Xmx1024M -Dfile.encoding=UTF-8 -Duser.country=US -Duser.language=en -Duser.variant 
java_command: com.android.dx.command.Main --dex --output /home/xhaa/AndroidStudioProjects/RekamMedik/app/build/intermediates/pre-dexed/debug/guava-jdk5-13.0-d0e984866ac636b37f62e7d5d4d28be493cdd50c.jar /home/xhaa/.gradle/caches/modules-2/files-2.1/com.google.guava/guava-jdk5/13.0/381ae6c8add7c98e9bcddb1e0b898400cd6fc3f7/guava-jdk5-13.0.jar
Launcher Type: SUN_STANDARD

Environment Variables:
PATH=/usr/local/sbin:/usr/local/bin:/usr/sbin:/usr/bin:/sbin:/bin:/usr/games:/usr/local/games
LD_LIBRARY_PATH=/opt/android-studio/bin:
SHELL=/bin/bash
DISPLAY=:0

Signal Handlers:
SIGSEGV: [libjvm.so+0x9a21f0], sa_mask[0]=0x7ffbfeff, sa_flags=0x10000004
SIGBUS: [libjvm.so+0x9a21f0], sa_mask[0]=0x7ffbfeff, sa_flags=0x10000004
SIGFPE: [libjvm.so+0x81ba40], sa_mask[0]=0x7ffbfeff, sa_flags=0x10000004
SIGPIPE: [libjvm.so+0x81ba40], sa_mask[0]=0x7ffbfeff, sa_flags=0x10000004
SIGXFSZ: [libjvm.so+0x81ba40], sa_mask[0]=0x7ffbfeff, sa_flags=0x10000004
SIGILL: [libjvm.so+0x81ba40], sa_mask[0]=0x7ffbfeff, sa_flags=0x10000004
SIGUSR1: SIG_DFL, sa_mask[0]=0x00000000, sa_flags=0x00000000
SIGUSR2: [libjvm.so+0x81d240], sa_mask[0]=0x00000004, sa_flags=0x10000004
SIGHUP: [libjvm.so+0x81e360], sa_mask[0]=0x7ffbfeff, sa_flags=0x10000004
SIGINT: [libjvm.so+0x81e360], sa_mask[0]=0x7ffbfeff, sa_flags=0x10000004
SIGTERM: [libjvm.so+0x81e360], sa_mask[0]=0x7ffbfeff, sa_flags=0x10000004
SIGQUIT: [libjvm.so+0x81e360], sa_mask[0]=0x7ffbfeff, sa_flags=0x10000004


---------------  S Y S T E M  ---------------

OS:jessie/sid

uname:Linux 3.13.0-53-generic #89-Ubuntu SMP Wed May 20 10:34:39 UTC 2015 x86_64
libc:glibc 2.19 NPTL 2.19 
rlimit: STACK 8192k, CORE 0k, NPROC 38578, NOFILE 4096, AS infinity
load average:12.92 7.04 3.43

/proc/meminfo:
MemTotal:        4967844 kB
MemFree:          129364 kB
Buffers:             252 kB
Cached:           452396 kB
SwapCached:            0 kB
Active:          4191408 kB
Inactive:         442596 kB
Active(anon):    4185924 kB
Inactive(anon):   430456 kB
Active(file):       5484 kB
Inactive(file):    12140 kB
Unevictable:          32 kB
Mlocked:              32 kB
SwapTotal:             0 kB
SwapFree:              0 kB
Dirty:               364 kB
Writeback:             0 kB
AnonPages:       4182236 kB
Mapped:           121508 kB
Shmem:            434176 kB
Slab:              88316 kB
SReclaimable:      35356 kB
SUnreclaim:        52960 kB
KernelStack:        5864 kB
PageTables:        42500 kB
NFS_Unstable:          0 kB
Bounce:                0 kB
WritebackTmp:          0 kB
CommitLimit:     2483920 kB
Committed_AS:    9055900 kB
VmallocTotal:   34359738367 kB
VmallocUsed:      355012 kB
VmallocChunk:   34359377020 kB
HardwareCorrupted:     0 kB
AnonHugePages:   1417216 kB
HugePages_Total:       0
HugePages_Free:        0
HugePages_Rsvd:        0
HugePages_Surp:        0
Hugepagesize:       2048 kB
DirectMap4k:       84248 kB
DirectMap2M:     5046272 kB


CPU:total 4 (2 cores per cpu, 2 threads per core) family 6 model 58 stepping 9, cmov, cx8, fxsr, mmx, sse, sse2, sse3, ssse3, sse4.1, sse4.2, popcnt, avx, aes, erms, ht, tsc, tscinvbit, tscinv

/proc/cpuinfo:
processor	: 0
vendor_id	: GenuineIntel
cpu family	: 6
model		: 58
model name	: Intel(R) Core(TM) i5-3337U CPU @ 1.80GHz
stepping	: 9
microcode	: 0x15
cpu MHz		: 1800.000
cache size	: 3072 KB
physical id	: 0
siblings	: 4
core id		: 0
cpu cores	: 2
apicid		: 0
initial apicid	: 0
fpu		: yes
fpu_exception	: yes
cpuid level	: 13
wp		: yes
flags		: fpu vme de pse tsc msr pae mce cx8 apic sep mtrr pge mca cmov pat pse36 clflush dts acpi mmx fxsr sse sse2 ss ht tm pbe syscall nx rdtscp lm constant_tsc arch_perfmon pebs bts rep_good nopl xtopology nonstop_tsc aperfmperf eagerfpu pni pclmulqdq dtes64 monitor ds_cpl vmx est tm2 ssse3 cx16 xtpr pdcm pcid sse4_1 sse4_2 x2apic popcnt tsc_deadline_timer aes xsave avx f16c rdrand lahf_lm arat epb xsaveopt pln pts dtherm tpr_shadow vnmi flexpriority ept vpid fsgsbase smep erms
bogomips	: 3591.82
clflush size	: 64
cache_alignment	: 64
address sizes	: 36 bits physical, 48 bits virtual
power management:

processor	: 1
vendor_id	: GenuineIntel
cpu family	: 6
model		: 58
model name	: Intel(R) Core(TM) i5-3337U CPU @ 1.80GHz
stepping	: 9
microcode	: 0x15
cpu MHz		: 1800.000
cache size	: 3072 KB
physical id	: 0
siblings	: 4
core id		: 1
cpu cores	: 2
apicid		: 2
initial apicid	: 2
fpu		: yes
fpu_exception	: yes
cpuid level	: 13
wp		: yes
flags		: fpu vme de pse tsc msr pae mce cx8 apic sep mtrr pge mca cmov pat pse36 clflush dts acpi mmx fxsr sse sse2 ss ht tm pbe syscall nx rdtscp lm constant_tsc arch_perfmon pebs bts rep_good nopl xtopology nonstop_tsc aperfmperf eagerfpu pni pclmulqdq dtes64 monitor ds_cpl vmx est tm2 ssse3 cx16 xtpr pdcm pcid sse4_1 sse4_2 x2apic popcnt tsc_deadline_timer aes xsave avx f16c rdrand lahf_lm arat epb xsaveopt pln pts dtherm tpr_shadow vnmi flexpriority ept vpid fsgsbase smep erms
bogomips	: 3591.82
clflush size	: 64
cache_alignment	: 64
address sizes	: 36 bits physical, 48 bits virtual
power management:

processor	: 2
vendor_id	: GenuineIntel
cpu family	: 6
model		: 58
model name	: Intel(R) Core(TM) i5-3337U CPU @ 1.80GHz
stepping	: 9
microcode	: 0x15
cpu MHz		: 1800.000
cache size	: 3072 KB
physical id	: 0
siblings	: 4
core id		: 0
cpu cores	: 2
apicid		: 1
initial apicid	: 1
fpu		: yes
fpu_exception	: yes
cpuid level	: 13
wp		: yes
flags		: fpu vme de pse tsc msr pae mce cx8 apic sep mtrr pge mca cmov pat pse36 clflush dts acpi mmx fxsr sse sse2 ss ht tm pbe syscall nx rdtscp lm constant_tsc arch_perfmon pebs bts rep_good nopl xtopology nonstop_tsc aperfmperf eagerfpu pni pclmulqdq dtes64 monitor ds_cpl vmx est tm2 ssse3 cx16 xtpr pdcm pcid sse4_1 sse4_2 x2apic popcnt tsc_deadline_timer aes xsave avx f16c rdrand lahf_lm arat epb xsaveopt pln pts dtherm tpr_shadow vnmi flexpriority ept vpid fsgsbase smep erms
bogomips	: 3591.82
clflush size	: 64
cache_alignment	: 64
address sizes	: 36 bits physical, 48 bits virtual
power management:

processor	: 3
vendor_id	: GenuineIntel
cpu family	: 6
model		: 58
model name	: Intel(R) Core(TM) i5-3337U CPU @ 1.80GHz
stepping	: 9
microcode	: 0x15
cpu MHz		: 1800.000
cache size	: 3072 KB
physical id	: 0
siblings	: 4
core id		: 1
cpu cores	: 2
apicid		: 3
initial apicid	: 3
fpu		: yes
fpu_exception	: yes
cpuid level	: 13
wp		: yes
flags		: fpu vme de pse tsc msr pae mce cx8 apic sep mtrr pge mca cmov pat pse36 clflush dts acpi mmx fxsr sse sse2 ss ht tm pbe syscall nx rdtscp lm constant_tsc arch_perfmon pebs bts rep_good nopl xtopology nonstop_tsc aperfmperf eagerfpu pni pclmulqdq dtes64 monitor ds_cpl vmx est tm2 ssse3 cx16 xtpr pdcm pcid sse4_1 sse4_2 x2apic popcnt tsc_deadline_timer aes xsave avx f16c rdrand lahf_lm arat epb xsaveopt pln pts dtherm tpr_shadow vnmi flexpriority ept vpid fsgsbase smep erms
bogomips	: 3591.82
clflush size	: 64
cache_alignment	: 64
address sizes	: 36 bits physical, 48 bits virtual
power management:



Memory: 4k page, physical 4967844k(128372k free), swap 0k(0k free)

vm_info: Java HotSpot(TM) 64-Bit Server VM (24.75-b04) for linux-amd64 JRE (1.7.0_75-b13), built on Dec 18 2014 16:45:18 by "java_re" with gcc 4.3.0 20080428 (Red Hat 4.3.0-8)

time: Tue Jun  2 01:28:49 2015
elapsed time: 28 seconds

